[2023-04-12T05:44:43.374+0000] {taskinstance.py:1090} INFO - Dependencies all met for dep_context=non-requeueable deps ti=<TaskInstance: first_dag.print_date manual__2023-04-12T05:44:42.031501+00:00 [queued]>
[2023-04-12T05:44:43.384+0000] {taskinstance.py:1090} INFO - Dependencies all met for dep_context=requeueable deps ti=<TaskInstance: first_dag.print_date manual__2023-04-12T05:44:42.031501+00:00 [queued]>
[2023-04-12T05:44:43.384+0000] {taskinstance.py:1288} INFO - 
--------------------------------------------------------------------------------
[2023-04-12T05:44:43.385+0000] {taskinstance.py:1289} INFO - Starting attempt 1 of 2
[2023-04-12T05:44:43.385+0000] {taskinstance.py:1290} INFO - 
--------------------------------------------------------------------------------
[2023-04-12T05:44:43.403+0000] {taskinstance.py:1309} INFO - Executing <Task(BashOperator): print_date> on 2023-04-12 05:44:42.031501+00:00
[2023-04-12T05:44:43.406+0000] {standard_task_runner.py:55} INFO - Started process 308 to run task
[2023-04-12T05:44:43.409+0000] {standard_task_runner.py:82} INFO - Running: ['***', 'tasks', 'run', 'first_dag', 'print_date', 'manual__2023-04-12T05:44:42.031501+00:00', '--job-id', '6', '--raw', '--subdir', 'DAGS_FOLDER/first_dag.py', '--cfg-path', '/tmp/tmpsjgg1pwp']
[2023-04-12T05:44:43.411+0000] {standard_task_runner.py:83} INFO - Job 6: Subtask print_date
[2023-04-12T05:44:43.474+0000] {task_command.py:389} INFO - Running <TaskInstance: first_dag.print_date manual__2023-04-12T05:44:42.031501+00:00 [running]> on host bb2ea0885db3
[2023-04-12T05:44:43.555+0000] {taskinstance.py:1518} INFO - Exporting the following env vars:
AIRFLOW_CTX_DAG_EMAIL=trungdq.httt@gmail.com
AIRFLOW_CTX_DAG_OWNER=***
AIRFLOW_CTX_DAG_ID=first_dag
AIRFLOW_CTX_TASK_ID=print_date
AIRFLOW_CTX_EXECUTION_DATE=2023-04-12T05:44:42.031501+00:00
AIRFLOW_CTX_TRY_NUMBER=1
AIRFLOW_CTX_DAG_RUN_ID=manual__2023-04-12T05:44:42.031501+00:00
[2023-04-12T05:44:43.556+0000] {subprocess.py:63} INFO - Tmp dir root location: 
 /tmp
[2023-04-12T05:44:43.557+0000] {subprocess.py:75} INFO - Running command: ['/bin/bash', '-c', 'date > data']
[2023-04-12T05:44:43.563+0000] {subprocess.py:86} INFO - Output:
[2023-04-12T05:44:43.576+0000] {subprocess.py:97} INFO - Command exited with return code 0
[2023-04-12T05:44:43.601+0000] {taskinstance.py:1332} INFO - Marking task as SUCCESS. dag_id=first_dag, task_id=print_date, execution_date=20230412T054442, start_date=20230412T054443, end_date=20230412T054443
[2023-04-12T05:44:43.622+0000] {local_task_job.py:212} INFO - Task exited with return code 0
[2023-04-12T05:44:43.648+0000] {taskinstance.py:2596} INFO - 1 downstream tasks scheduled from follow-on schedule check
