[2023-04-13T14:22:01.247+0000] {taskinstance.py:1090} INFO - Dependencies all met for dep_context=non-requeueable deps ti=<TaskInstance: first_dag.get_datetime scheduled__2023-04-13T14:21:00+00:00 [queued]>
[2023-04-13T14:22:01.412+0000] {taskinstance.py:1090} INFO - Dependencies all met for dep_context=requeueable deps ti=<TaskInstance: first_dag.get_datetime scheduled__2023-04-13T14:21:00+00:00 [queued]>
[2023-04-13T14:22:01.412+0000] {taskinstance.py:1288} INFO - 
--------------------------------------------------------------------------------
[2023-04-13T14:22:01.413+0000] {taskinstance.py:1289} INFO - Starting attempt 1 of 1
[2023-04-13T14:22:01.416+0000] {taskinstance.py:1290} INFO - 
--------------------------------------------------------------------------------
[2023-04-13T14:22:01.433+0000] {taskinstance.py:1309} INFO - Executing <Task(BashOperator): get_datetime> on 2023-04-13 14:21:00+00:00
[2023-04-13T14:22:01.437+0000] {standard_task_runner.py:55} INFO - Started process 233 to run task
[2023-04-13T14:22:01.442+0000] {standard_task_runner.py:82} INFO - Running: ['***', 'tasks', 'run', 'first_dag', 'get_datetime', 'scheduled__2023-04-13T14:21:00+00:00', '--job-id', '23', '--raw', '--subdir', 'DAGS_FOLDER/first_dag.py', '--cfg-path', '/tmp/tmpft3mscns']
[2023-04-13T14:22:01.446+0000] {standard_task_runner.py:83} INFO - Job 23: Subtask get_datetime
[2023-04-13T14:22:01.519+0000] {task_command.py:389} INFO - Running <TaskInstance: first_dag.get_datetime scheduled__2023-04-13T14:21:00+00:00 [running]> on host 6a1c33c9be4a
[2023-04-13T14:22:01.604+0000] {taskinstance.py:1518} INFO - Exporting the following env vars:
AIRFLOW_CTX_DAG_OWNER=***
AIRFLOW_CTX_DAG_ID=first_dag
AIRFLOW_CTX_TASK_ID=get_datetime
AIRFLOW_CTX_EXECUTION_DATE=2023-04-13T14:21:00+00:00
AIRFLOW_CTX_TRY_NUMBER=1
AIRFLOW_CTX_DAG_RUN_ID=scheduled__2023-04-13T14:21:00+00:00
[2023-04-13T14:22:01.605+0000] {subprocess.py:63} INFO - Tmp dir root location: 
 /tmp
[2023-04-13T14:22:01.606+0000] {subprocess.py:75} INFO - Running command: ['/bin/bash', '-c', 'echo  %date%-%time%']
[2023-04-13T14:22:01.617+0000] {subprocess.py:86} INFO - Output:
[2023-04-13T14:22:01.618+0000] {subprocess.py:93} INFO - %date%-%time%
[2023-04-13T14:22:01.619+0000] {subprocess.py:97} INFO - Command exited with return code 0
[2023-04-13T14:22:01.647+0000] {taskinstance.py:1332} INFO - Marking task as SUCCESS. dag_id=first_dag, task_id=get_datetime, execution_date=20230413T142100, start_date=20230413T142201, end_date=20230413T142201
[2023-04-13T14:22:01.694+0000] {local_task_job.py:212} INFO - Task exited with return code 0
[2023-04-13T14:22:01.713+0000] {taskinstance.py:2596} INFO - 0 downstream tasks scheduled from follow-on schedule check
