[2023-04-12T04:56:37.388+0000] {manager.py:487} INFO - Processing files using up to 2 processes at a time 
[2023-04-12T04:56:37.389+0000] {manager.py:488} INFO - Process each file at most once every 30 seconds
[2023-04-12T04:56:37.390+0000] {manager.py:490} INFO - Checking for new files in /opt/airflow/dags every 300 seconds
[2023-04-12T04:56:37.390+0000] {manager.py:736} INFO - Searching for files in /opt/airflow/dags
[2023-04-12T04:56:37.394+0000] {manager.py:739} INFO - There are 0 files in /opt/airflow/dags
[2023-04-12T04:57:25.236+0000] {manager.py:469} INFO - Exiting gracefully upon receiving signal 15
[2023-04-12T05:39:39.202+0000] {manager.py:487} INFO - Processing files using up to 2 processes at a time 
[2023-04-12T05:39:39.204+0000] {manager.py:488} INFO - Process each file at most once every 30 seconds
[2023-04-12T05:39:39.204+0000] {manager.py:490} INFO - Checking for new files in /opt/airflow/dags every 300 seconds
[2023-04-12T05:39:39.205+0000] {manager.py:736} INFO - Searching for files in /opt/airflow/dags
[2023-04-12T05:39:39.215+0000] {manager.py:739} INFO - There are 1 files in /opt/airflow/dags
[2023-04-12T05:39:39.291+0000] {manager.py:864} INFO - 
================================================================================
DAG File Processing Stats

File Path                         PID  Runtime      # DAGs    # Errors  Last Runtime    Last Run
------------------------------  -----  ---------  --------  ----------  --------------  ----------
/opt/airflow/dags/first_dag.py    174  0.04s             0           0
================================================================================
[2023-04-12T05:40:09.441+0000] {manager.py:864} INFO - 
================================================================================
DAG File Processing Stats

File Path                       PID    Runtime      # DAGs    # Errors  Last Runtime    Last Run
------------------------------  -----  ---------  --------  ----------  --------------  -------------------
/opt/airflow/dags/first_dag.py                           1           0  0.52s           2023-04-12T05:39:39
================================================================================
[2023-04-12T05:40:40.178+0000] {manager.py:864} INFO - 
================================================================================
DAG File Processing Stats

File Path                         PID  Runtime      # DAGs    # Errors  Last Runtime    Last Run
------------------------------  -----  ---------  --------  ----------  --------------  -------------------
/opt/airflow/dags/first_dag.py    199  0.01s             1           0  0.13s           2023-04-12T05:40:10
================================================================================
[2023-04-12T05:41:10.494+0000] {manager.py:864} INFO - 
================================================================================
DAG File Processing Stats

File Path                         PID  Runtime      # DAGs    # Errors  Last Runtime    Last Run
------------------------------  -----  ---------  --------  ----------  --------------  -------------------
/opt/airflow/dags/first_dag.py    211  0.00s             1           0  0.13s           2023-04-12T05:40:40
================================================================================
[2023-04-12T05:41:40.709+0000] {manager.py:864} INFO - 
================================================================================
DAG File Processing Stats

File Path                         PID  Runtime      # DAGs    # Errors  Last Runtime    Last Run
------------------------------  -----  ---------  --------  ----------  --------------  -------------------
/opt/airflow/dags/first_dag.py    223  0.00s             1           0  0.12s           2023-04-12T05:41:10
================================================================================
[2023-04-12T05:42:11.033+0000] {manager.py:864} INFO - 
================================================================================
DAG File Processing Stats

File Path                         PID  Runtime      # DAGs    # Errors  Last Runtime    Last Run
------------------------------  -----  ---------  --------  ----------  --------------  -------------------
/opt/airflow/dags/first_dag.py    235  0.00s             1           0  0.13s           2023-04-12T05:41:40
================================================================================
[2023-04-12T05:42:41.280+0000] {manager.py:864} INFO - 
================================================================================
DAG File Processing Stats

File Path                       PID    Runtime      # DAGs    # Errors  Last Runtime    Last Run
------------------------------  -----  ---------  --------  ----------  --------------  -------------------
/opt/airflow/dags/first_dag.py                           0           1  0.11s           2023-04-12T05:42:25
================================================================================
[2023-04-12T05:43:11.646+0000] {manager.py:864} INFO - 
================================================================================
DAG File Processing Stats

File Path                       PID    Runtime      # DAGs    # Errors  Last Runtime    Last Run
------------------------------  -----  ---------  --------  ----------  --------------  -------------------
/opt/airflow/dags/first_dag.py                           1           0  0.21s           2023-04-12T05:42:57
================================================================================
[2023-04-12T05:43:42.017+0000] {manager.py:864} INFO - 
================================================================================
DAG File Processing Stats

File Path                       PID    Runtime      # DAGs    # Errors  Last Runtime    Last Run
------------------------------  -----  ---------  --------  ----------  --------------  -------------------
/opt/airflow/dags/first_dag.py                           1           0  0.17s           2023-04-12T05:43:27
================================================================================
[2023-04-12T05:44:12.300+0000] {manager.py:864} INFO - 
================================================================================
DAG File Processing Stats

File Path                       PID    Runtime      # DAGs    # Errors  Last Runtime    Last Run
------------------------------  -----  ---------  --------  ----------  --------------  -------------------
/opt/airflow/dags/first_dag.py                           1           0  0.13s           2023-04-12T05:43:58
================================================================================
[2023-04-12T05:44:39.539+0000] {manager.py:736} INFO - Searching for files in /opt/airflow/dags
[2023-04-12T05:44:39.552+0000] {manager.py:739} INFO - There are 1 files in /opt/airflow/dags
[2023-04-12T05:44:42.580+0000] {manager.py:864} INFO - 
================================================================================
DAG File Processing Stats

File Path                       PID    Runtime      # DAGs    # Errors  Last Runtime    Last Run
------------------------------  -----  ---------  --------  ----------  --------------  -------------------
/opt/airflow/dags/first_dag.py                           1           0  0.13s           2023-04-12T05:44:28
================================================================================
[2023-04-12T05:45:12.872+0000] {manager.py:864} INFO - 
================================================================================
DAG File Processing Stats

File Path                       PID    Runtime      # DAGs    # Errors  Last Runtime    Last Run
------------------------------  -----  ---------  --------  ----------  --------------  -------------------
/opt/airflow/dags/first_dag.py                           1           0  0.12s           2023-04-12T05:44:58
================================================================================
[2023-04-12T05:45:43.164+0000] {manager.py:864} INFO - 
================================================================================
DAG File Processing Stats

File Path                       PID    Runtime      # DAGs    # Errors  Last Runtime    Last Run
------------------------------  -----  ---------  --------  ----------  --------------  -------------------
/opt/airflow/dags/first_dag.py                           1           0  0.12s           2023-04-12T05:45:29
================================================================================
[2023-04-12T05:46:13.476+0000] {manager.py:864} INFO - 
================================================================================
DAG File Processing Stats

File Path                       PID    Runtime      # DAGs    # Errors  Last Runtime    Last Run
------------------------------  -----  ---------  --------  ----------  --------------  -------------------
/opt/airflow/dags/first_dag.py                           1           0  0.13s           2023-04-12T05:45:59
================================================================================
[2023-04-12T05:46:43.788+0000] {manager.py:864} INFO - 
================================================================================
DAG File Processing Stats

File Path                       PID    Runtime      # DAGs    # Errors  Last Runtime    Last Run
------------------------------  -----  ---------  --------  ----------  --------------  -------------------
/opt/airflow/dags/first_dag.py                           1           0  0.12s           2023-04-12T05:46:29
================================================================================
[2023-04-12T05:47:14.016+0000] {manager.py:864} INFO - 
================================================================================
DAG File Processing Stats

File Path                       PID    Runtime      # DAGs    # Errors  Last Runtime    Last Run
------------------------------  -----  ---------  --------  ----------  --------------  -------------------
/opt/airflow/dags/first_dag.py                           1           0  0.14s           2023-04-12T05:47:00
================================================================================
[2023-04-12T05:47:44.323+0000] {manager.py:864} INFO - 
================================================================================
DAG File Processing Stats

File Path                       PID    Runtime      # DAGs    # Errors  Last Runtime    Last Run
------------------------------  -----  ---------  --------  ----------  --------------  -------------------
/opt/airflow/dags/first_dag.py                           1           0  0.13s           2023-04-12T05:47:30
================================================================================
[2023-04-12T05:48:14.606+0000] {manager.py:864} INFO - 
================================================================================
DAG File Processing Stats

File Path                       PID    Runtime      # DAGs    # Errors  Last Runtime    Last Run
------------------------------  -----  ---------  --------  ----------  --------------  -------------------
/opt/airflow/dags/first_dag.py                           1           0  0.12s           2023-04-12T05:48:00
================================================================================
[2023-04-12T05:48:44.807+0000] {manager.py:864} INFO - 
================================================================================
DAG File Processing Stats

File Path                       PID    Runtime      # DAGs    # Errors  Last Runtime    Last Run
------------------------------  -----  ---------  --------  ----------  --------------  -------------------
/opt/airflow/dags/first_dag.py                           0           1  0.07s           2023-04-12T05:48:21
================================================================================
[2023-04-12T05:49:15.070+0000] {manager.py:864} INFO - 
================================================================================
DAG File Processing Stats

File Path                       PID    Runtime      # DAGs    # Errors  Last Runtime    Last Run
------------------------------  -----  ---------  --------  ----------  --------------  -------------------
/opt/airflow/dags/first_dag.py                           0           1  0.07s           2023-04-12T05:48:51
================================================================================
[2023-04-12T05:49:40.274+0000] {manager.py:736} INFO - Searching for files in /opt/airflow/dags
[2023-04-12T05:49:40.290+0000] {manager.py:739} INFO - There are 1 files in /opt/airflow/dags
[2023-04-12T05:49:45.345+0000] {manager.py:524} INFO - DAG first_dag is missing and will be deactivated.
[2023-04-12T05:49:45.348+0000] {manager.py:534} INFO - Deactivated 1 DAGs which are no longer present in file.
[2023-04-12T05:49:45.352+0000] {manager.py:538} INFO - Deleted DAG first_dag in serialized_dag table
[2023-04-12T05:49:45.356+0000] {manager.py:864} INFO - 
================================================================================
DAG File Processing Stats

File Path                       PID    Runtime      # DAGs    # Errors  Last Runtime    Last Run
------------------------------  -----  ---------  --------  ----------  --------------  -------------------
/opt/airflow/dags/first_dag.py                           0           1  0.06s           2023-04-12T05:49:22
================================================================================
[2023-04-12T05:50:15.618+0000] {manager.py:864} INFO - 
================================================================================
DAG File Processing Stats

File Path                       PID    Runtime      # DAGs    # Errors  Last Runtime    Last Run
------------------------------  -----  ---------  --------  ----------  --------------  -------------------
/opt/airflow/dags/first_dag.py                           0           1  0.06s           2023-04-12T05:49:52
================================================================================
[2023-04-12T05:50:45.848+0000] {manager.py:864} INFO - 
================================================================================
DAG File Processing Stats

File Path                       PID    Runtime      # DAGs    # Errors  Last Runtime    Last Run
------------------------------  -----  ---------  --------  ----------  --------------  -------------------
/opt/airflow/dags/first_dag.py                           0           1  0.07s           2023-04-12T05:50:16
================================================================================
[2023-04-12T05:51:16.122+0000] {manager.py:864} INFO - 
================================================================================
DAG File Processing Stats

File Path                       PID    Runtime      # DAGs    # Errors  Last Runtime    Last Run
------------------------------  -----  ---------  --------  ----------  --------------  -------------------
/opt/airflow/dags/first_dag.py                           0           1  0.08s           2023-04-12T05:50:46
================================================================================
[2023-04-12T05:51:46.402+0000] {manager.py:864} INFO - 
================================================================================
DAG File Processing Stats

File Path                       PID    Runtime      # DAGs    # Errors  Last Runtime    Last Run
------------------------------  -----  ---------  --------  ----------  --------------  -------------------
/opt/airflow/dags/first_dag.py                           1           0  0.27s           2023-04-12T05:51:34
================================================================================
[2023-04-12T05:52:16.634+0000] {manager.py:864} INFO - 
================================================================================
DAG File Processing Stats

File Path                       PID    Runtime      # DAGs    # Errors  Last Runtime    Last Run
------------------------------  -----  ---------  --------  ----------  --------------  -------------------
/opt/airflow/dags/first_dag.py                           1           0  0.12s           2023-04-12T05:52:04
================================================================================
[2023-04-12T05:52:46.934+0000] {manager.py:864} INFO - 
================================================================================
DAG File Processing Stats

File Path                       PID    Runtime      # DAGs    # Errors  Last Runtime    Last Run
------------------------------  -----  ---------  --------  ----------  --------------  -------------------
/opt/airflow/dags/first_dag.py                           1           0  0.14s           2023-04-12T05:52:34
================================================================================
[2023-04-12T05:53:17.180+0000] {manager.py:864} INFO - 
================================================================================
DAG File Processing Stats

File Path                       PID    Runtime      # DAGs    # Errors  Last Runtime    Last Run
------------------------------  -----  ---------  --------  ----------  --------------  -------------------
/opt/airflow/dags/first_dag.py                           1           0  0.13s           2023-04-12T05:53:05
================================================================================
[2023-04-12T05:53:47.444+0000] {manager.py:864} INFO - 
================================================================================
DAG File Processing Stats

File Path                       PID    Runtime      # DAGs    # Errors  Last Runtime    Last Run
------------------------------  -----  ---------  --------  ----------  --------------  -------------------
/opt/airflow/dags/first_dag.py                           1           0  0.12s           2023-04-12T05:53:35
================================================================================
[2023-04-12T05:54:17.830+0000] {manager.py:864} INFO - 
================================================================================
DAG File Processing Stats

File Path                       PID    Runtime      # DAGs    # Errors  Last Runtime    Last Run
------------------------------  -----  ---------  --------  ----------  --------------  -------------------
/opt/airflow/dags/first_dag.py                           1           0  0.13s           2023-04-12T05:54:05
================================================================================
[2023-04-12T05:54:41.002+0000] {manager.py:736} INFO - Searching for files in /opt/airflow/dags
[2023-04-12T05:54:41.016+0000] {manager.py:739} INFO - There are 1 files in /opt/airflow/dags
[2023-04-12T05:54:48.070+0000] {manager.py:864} INFO - 
================================================================================
DAG File Processing Stats

File Path                       PID    Runtime      # DAGs    # Errors  Last Runtime    Last Run
------------------------------  -----  ---------  --------  ----------  --------------  -------------------
/opt/airflow/dags/first_dag.py                           1           0  0.12s           2023-04-12T05:54:36
================================================================================
[2023-04-12T05:55:18.368+0000] {manager.py:864} INFO - 
================================================================================
DAG File Processing Stats

File Path                       PID    Runtime      # DAGs    # Errors  Last Runtime    Last Run
------------------------------  -----  ---------  --------  ----------  --------------  -------------------
/opt/airflow/dags/first_dag.py                           1           0  0.13s           2023-04-12T05:55:06
================================================================================
[2023-04-12T05:55:48.705+0000] {manager.py:864} INFO - 
================================================================================
DAG File Processing Stats

File Path                       PID    Runtime      # DAGs    # Errors  Last Runtime    Last Run
------------------------------  -----  ---------  --------  ----------  --------------  -------------------
/opt/airflow/dags/first_dag.py                           1           0  0.19s           2023-04-12T05:55:46
================================================================================
[2023-04-12T05:56:18.971+0000] {manager.py:864} INFO - 
================================================================================
DAG File Processing Stats

File Path                       PID    Runtime      # DAGs    # Errors  Last Runtime    Last Run
------------------------------  -----  ---------  --------  ----------  --------------  -------------------
/opt/airflow/dags/first_dag.py                           1           0  0.14s           2023-04-12T05:56:02
================================================================================
[2023-04-12T05:56:49.240+0000] {manager.py:864} INFO - 
================================================================================
DAG File Processing Stats

File Path                       PID    Runtime      # DAGs    # Errors  Last Runtime    Last Run
------------------------------  -----  ---------  --------  ----------  --------------  -------------------
/opt/airflow/dags/first_dag.py                           1           0  0.13s           2023-04-12T05:56:44
================================================================================
[2023-04-12T05:57:19.603+0000] {manager.py:864} INFO - 
================================================================================
DAG File Processing Stats

File Path                       PID    Runtime      # DAGs    # Errors  Last Runtime    Last Run
------------------------------  -----  ---------  --------  ----------  --------------  -------------------
/opt/airflow/dags/first_dag.py                           1           0  0.17s           2023-04-12T05:57:14
================================================================================
[2023-04-12T05:57:49.880+0000] {manager.py:864} INFO - 
================================================================================
DAG File Processing Stats

File Path                       PID    Runtime      # DAGs    # Errors  Last Runtime    Last Run
------------------------------  -----  ---------  --------  ----------  --------------  -------------------
/opt/airflow/dags/first_dag.py                           1           0  0.12s           2023-04-12T05:57:44
================================================================================
[2023-04-12T05:58:20.158+0000] {manager.py:864} INFO - 
================================================================================
DAG File Processing Stats

File Path                       PID    Runtime      # DAGs    # Errors  Last Runtime    Last Run
------------------------------  -----  ---------  --------  ----------  --------------  -------------------
/opt/airflow/dags/first_dag.py                           1           0  0.13s           2023-04-12T05:58:15
================================================================================
[2023-04-12T05:58:21.183+0000] {manager.py:469} INFO - Exiting gracefully upon receiving signal 15
