[2023-04-13T15:08:14.475+0000] {taskinstance.py:1090} INFO - Dependencies all met for dep_context=non-requeueable deps ti=<TaskInstance: first_dag.process_greeting scheduled__2023-04-13T15:07:00+00:00 [queued]>
[2023-04-13T15:08:14.488+0000] {taskinstance.py:1090} INFO - Dependencies all met for dep_context=requeueable deps ti=<TaskInstance: first_dag.process_greeting scheduled__2023-04-13T15:07:00+00:00 [queued]>
[2023-04-13T15:08:14.489+0000] {taskinstance.py:1288} INFO - 
--------------------------------------------------------------------------------
[2023-04-13T15:08:14.489+0000] {taskinstance.py:1289} INFO - Starting attempt 1 of 1
[2023-04-13T15:08:14.490+0000] {taskinstance.py:1290} INFO - 
--------------------------------------------------------------------------------
[2023-04-13T15:08:14.511+0000] {taskinstance.py:1309} INFO - Executing <Task(PythonOperator): process_greeting> on 2023-04-13 15:07:00+00:00
[2023-04-13T15:08:14.515+0000] {standard_task_runner.py:55} INFO - Started process 1650 to run task
[2023-04-13T15:08:14.519+0000] {standard_task_runner.py:82} INFO - Running: ['***', 'tasks', 'run', 'first_dag', 'process_greeting', 'scheduled__2023-04-13T15:07:00+00:00', '--job-id', '76', '--raw', '--subdir', 'DAGS_FOLDER/first_dag.py', '--cfg-path', '/tmp/tmpime1_s8r']
[2023-04-13T15:08:14.521+0000] {standard_task_runner.py:83} INFO - Job 76: Subtask process_greeting
[2023-04-13T15:08:14.594+0000] {task_command.py:389} INFO - Running <TaskInstance: first_dag.process_greeting scheduled__2023-04-13T15:07:00+00:00 [running]> on host 6a1c33c9be4a
[2023-04-13T15:08:14.676+0000] {taskinstance.py:1518} INFO - Exporting the following env vars:
AIRFLOW_CTX_DAG_OWNER=***
AIRFLOW_CTX_DAG_ID=first_dag
AIRFLOW_CTX_TASK_ID=process_greeting
AIRFLOW_CTX_EXECUTION_DATE=2023-04-13T15:07:00+00:00
AIRFLOW_CTX_TRY_NUMBER=1
AIRFLOW_CTX_DAG_RUN_ID=scheduled__2023-04-13T15:07:00+00:00
[2023-04-13T15:08:14.692+0000] {python.py:177} INFO - Done. Returned value was: Hello World 2023-04-13 15:08:14.691982
[2023-04-13T15:08:14.710+0000] {taskinstance.py:1332} INFO - Marking task as SUCCESS. dag_id=first_dag, task_id=process_greeting, execution_date=20230413T150700, start_date=20230413T150814, end_date=20230413T150814
[2023-04-13T15:08:14.731+0000] {local_task_job.py:212} INFO - Task exited with return code 0
[2023-04-13T15:08:14.757+0000] {taskinstance.py:2596} INFO - 1 downstream tasks scheduled from follow-on schedule check
