[2023-04-13T14:35:11.957+0000] {taskinstance.py:1090} INFO - Dependencies all met for dep_context=non-requeueable deps ti=<TaskInstance: first_dag.get_datetime manual__2023-04-13T14:35:10.980950+00:00 [queued]>
[2023-04-13T14:35:12.124+0000] {taskinstance.py:1090} INFO - Dependencies all met for dep_context=requeueable deps ti=<TaskInstance: first_dag.get_datetime manual__2023-04-13T14:35:10.980950+00:00 [queued]>
[2023-04-13T14:35:12.125+0000] {taskinstance.py:1288} INFO - 
--------------------------------------------------------------------------------
[2023-04-13T14:35:12.125+0000] {taskinstance.py:1289} INFO - Starting attempt 1 of 1
[2023-04-13T14:35:12.126+0000] {taskinstance.py:1290} INFO - 
--------------------------------------------------------------------------------
[2023-04-13T14:35:12.144+0000] {taskinstance.py:1309} INFO - Executing <Task(BashOperator): get_datetime> on 2023-04-13 14:35:10.980950+00:00
[2023-04-13T14:35:12.149+0000] {standard_task_runner.py:55} INFO - Started process 679 to run task
[2023-04-13T14:35:12.154+0000] {standard_task_runner.py:82} INFO - Running: ['***', 'tasks', 'run', 'first_dag', 'get_datetime', 'manual__2023-04-13T14:35:10.980950+00:00', '--job-id', '46', '--raw', '--subdir', 'DAGS_FOLDER/first_dag.py', '--cfg-path', '/tmp/tmprruc4b6b']
[2023-04-13T14:35:12.157+0000] {standard_task_runner.py:83} INFO - Job 46: Subtask get_datetime
[2023-04-13T14:35:12.227+0000] {task_command.py:389} INFO - Running <TaskInstance: first_dag.get_datetime manual__2023-04-13T14:35:10.980950+00:00 [running]> on host 6a1c33c9be4a
[2023-04-13T14:35:12.318+0000] {taskinstance.py:1518} INFO - Exporting the following env vars:
AIRFLOW_CTX_DAG_OWNER=***
AIRFLOW_CTX_DAG_ID=first_dag
AIRFLOW_CTX_TASK_ID=get_datetime
AIRFLOW_CTX_EXECUTION_DATE=2023-04-13T14:35:10.980950+00:00
AIRFLOW_CTX_TRY_NUMBER=1
AIRFLOW_CTX_DAG_RUN_ID=manual__2023-04-13T14:35:10.980950+00:00
[2023-04-13T14:35:12.319+0000] {subprocess.py:63} INFO - Tmp dir root location: 
 /tmp
[2023-04-13T14:35:12.320+0000] {subprocess.py:75} INFO - Running command: ['/bin/bash', '-c', "echo '%date%-%time%'"]
[2023-04-13T14:35:12.328+0000] {subprocess.py:86} INFO - Output:
[2023-04-13T14:35:12.329+0000] {subprocess.py:93} INFO - %date%-%time%
[2023-04-13T14:35:12.330+0000] {subprocess.py:97} INFO - Command exited with return code 0
[2023-04-13T14:35:12.354+0000] {taskinstance.py:1332} INFO - Marking task as SUCCESS. dag_id=first_dag, task_id=get_datetime, execution_date=20230413T143510, start_date=20230413T143511, end_date=20230413T143512
[2023-04-13T14:35:12.406+0000] {local_task_job.py:212} INFO - Task exited with return code 0
[2023-04-13T14:35:12.434+0000] {taskinstance.py:2596} INFO - 1 downstream tasks scheduled from follow-on schedule check
