[2023-04-13T15:16:55.604+0000] {taskinstance.py:1090} INFO - Dependencies all met for dep_context=non-requeueable deps ti=<TaskInstance: first_dag.save_greeting scheduled__2023-04-13T15:15:00+00:00 [queued]>
[2023-04-13T15:16:55.615+0000] {taskinstance.py:1090} INFO - Dependencies all met for dep_context=requeueable deps ti=<TaskInstance: first_dag.save_greeting scheduled__2023-04-13T15:15:00+00:00 [queued]>
[2023-04-13T15:16:55.616+0000] {taskinstance.py:1288} INFO - 
--------------------------------------------------------------------------------
[2023-04-13T15:16:55.616+0000] {taskinstance.py:1289} INFO - Starting attempt 1 of 1
[2023-04-13T15:16:55.617+0000] {taskinstance.py:1290} INFO - 
--------------------------------------------------------------------------------
[2023-04-13T15:16:55.634+0000] {taskinstance.py:1309} INFO - Executing <Task(PythonOperator): save_greeting> on 2023-04-13 15:15:00+00:00
[2023-04-13T15:16:55.638+0000] {standard_task_runner.py:55} INFO - Started process 1927 to run task
[2023-04-13T15:16:55.640+0000] {standard_task_runner.py:82} INFO - Running: ['***', 'tasks', 'run', 'first_dag', 'save_greeting', 'scheduled__2023-04-13T15:15:00+00:00', '--job-id', '102', '--raw', '--subdir', 'DAGS_FOLDER/first_dag.py', '--cfg-path', '/tmp/tmpn5iz5kmp']
[2023-04-13T15:16:55.643+0000] {standard_task_runner.py:83} INFO - Job 102: Subtask save_greeting
[2023-04-13T15:16:55.707+0000] {task_command.py:389} INFO - Running <TaskInstance: first_dag.save_greeting scheduled__2023-04-13T15:15:00+00:00 [running]> on host 6a1c33c9be4a
[2023-04-13T15:16:55.778+0000] {taskinstance.py:1518} INFO - Exporting the following env vars:
AIRFLOW_CTX_DAG_OWNER=***
AIRFLOW_CTX_DAG_ID=first_dag
AIRFLOW_CTX_TASK_ID=save_greeting
AIRFLOW_CTX_EXECUTION_DATE=2023-04-13T15:15:00+00:00
AIRFLOW_CTX_TRY_NUMBER=1
AIRFLOW_CTX_DAG_RUN_ID=scheduled__2023-04-13T15:15:00+00:00
[2023-04-13T15:16:55.791+0000] {logging_mixin.py:137} INFO - Hello World 2023-04-13 15:16:55.287698
[2023-04-13T15:16:55.791+0000] {logging_mixin.py:137} INFO - a
[2023-04-13T15:16:55.794+0000] {logging_mixin.py:137} INFO - Hello World 2023-04-13 15:14:07.336066Hello World 2023-04-13 15:14:07.336452Hello World 2023-04-13 15:14:07.345031Hello World 2023-04-13 15:16:55.289040Hello World 2023-04-13 15:16:55.287698
[2023-04-13T15:16:55.794+0000] {python.py:177} INFO - Done. Returned value was: None
[2023-04-13T15:16:55.804+0000] {taskinstance.py:1332} INFO - Marking task as SUCCESS. dag_id=first_dag, task_id=save_greeting, execution_date=20230413T151500, start_date=20230413T151655, end_date=20230413T151655
[2023-04-13T15:16:55.854+0000] {local_task_job.py:212} INFO - Task exited with return code 0
[2023-04-13T15:16:55.870+0000] {taskinstance.py:2596} INFO - 0 downstream tasks scheduled from follow-on schedule check
