[2023-04-13T15:16:55.597+0000] {taskinstance.py:1090} INFO - Dependencies all met for dep_context=non-requeueable deps ti=<TaskInstance: first_dag.save_greeting manual__2023-04-13T15:16:53.046876+00:00 [queued]>
[2023-04-13T15:16:55.606+0000] {taskinstance.py:1090} INFO - Dependencies all met for dep_context=requeueable deps ti=<TaskInstance: first_dag.save_greeting manual__2023-04-13T15:16:53.046876+00:00 [queued]>
[2023-04-13T15:16:55.606+0000] {taskinstance.py:1288} INFO - 
--------------------------------------------------------------------------------
[2023-04-13T15:16:55.606+0000] {taskinstance.py:1289} INFO - Starting attempt 1 of 1
[2023-04-13T15:16:55.607+0000] {taskinstance.py:1290} INFO - 
--------------------------------------------------------------------------------
[2023-04-13T15:16:55.622+0000] {taskinstance.py:1309} INFO - Executing <Task(PythonOperator): save_greeting> on 2023-04-13 15:16:53.046876+00:00
[2023-04-13T15:16:55.625+0000] {standard_task_runner.py:55} INFO - Started process 1926 to run task
[2023-04-13T15:16:55.628+0000] {standard_task_runner.py:82} INFO - Running: ['***', 'tasks', 'run', 'first_dag', 'save_greeting', 'manual__2023-04-13T15:16:53.046876+00:00', '--job-id', '101', '--raw', '--subdir', 'DAGS_FOLDER/first_dag.py', '--cfg-path', '/tmp/tmpde9r2qgt']
[2023-04-13T15:16:55.630+0000] {standard_task_runner.py:83} INFO - Job 101: Subtask save_greeting
[2023-04-13T15:16:55.694+0000] {task_command.py:389} INFO - Running <TaskInstance: first_dag.save_greeting manual__2023-04-13T15:16:53.046876+00:00 [running]> on host 6a1c33c9be4a
[2023-04-13T15:16:55.765+0000] {taskinstance.py:1518} INFO - Exporting the following env vars:
AIRFLOW_CTX_DAG_OWNER=***
AIRFLOW_CTX_DAG_ID=first_dag
AIRFLOW_CTX_TASK_ID=save_greeting
AIRFLOW_CTX_EXECUTION_DATE=2023-04-13T15:16:53.046876+00:00
AIRFLOW_CTX_TRY_NUMBER=1
AIRFLOW_CTX_DAG_RUN_ID=manual__2023-04-13T15:16:53.046876+00:00
[2023-04-13T15:16:55.778+0000] {logging_mixin.py:137} INFO - Hello World 2023-04-13 15:16:55.289040
[2023-04-13T15:16:55.779+0000] {logging_mixin.py:137} INFO - a
[2023-04-13T15:16:55.781+0000] {logging_mixin.py:137} INFO - Hello World 2023-04-13 15:14:07.336066Hello World 2023-04-13 15:14:07.336452Hello World 2023-04-13 15:14:07.345031Hello World 2023-04-13 15:16:55.289040
[2023-04-13T15:16:55.781+0000] {python.py:177} INFO - Done. Returned value was: None
[2023-04-13T15:16:55.790+0000] {taskinstance.py:1332} INFO - Marking task as SUCCESS. dag_id=first_dag, task_id=save_greeting, execution_date=20230413T151653, start_date=20230413T151655, end_date=20230413T151655
[2023-04-13T15:16:55.841+0000] {local_task_job.py:212} INFO - Task exited with return code 0
[2023-04-13T15:16:55.856+0000] {taskinstance.py:2596} INFO - 0 downstream tasks scheduled from follow-on schedule check
