[2023-04-13T15:22:35.509+0000] {taskinstance.py:1090} INFO - Dependencies all met for dep_context=non-requeueable deps ti=<TaskInstance: first_dag.process_greeting manual__2023-04-13T15:22:33.846084+00:00 [queued]>
[2023-04-13T15:22:35.518+0000] {taskinstance.py:1090} INFO - Dependencies all met for dep_context=requeueable deps ti=<TaskInstance: first_dag.process_greeting manual__2023-04-13T15:22:33.846084+00:00 [queued]>
[2023-04-13T15:22:35.519+0000] {taskinstance.py:1288} INFO - 
--------------------------------------------------------------------------------
[2023-04-13T15:22:35.519+0000] {taskinstance.py:1289} INFO - Starting attempt 1 of 1
[2023-04-13T15:22:35.520+0000] {taskinstance.py:1290} INFO - 
--------------------------------------------------------------------------------
[2023-04-13T15:22:35.540+0000] {taskinstance.py:1309} INFO - Executing <Task(PythonOperator): process_greeting> on 2023-04-13 15:22:33.846084+00:00
[2023-04-13T15:22:35.544+0000] {standard_task_runner.py:55} INFO - Started process 2087 to run task
[2023-04-13T15:22:35.547+0000] {standard_task_runner.py:82} INFO - Running: ['***', 'tasks', 'run', 'first_dag', 'process_greeting', 'manual__2023-04-13T15:22:33.846084+00:00', '--job-id', '109', '--raw', '--subdir', 'DAGS_FOLDER/first_dag.py', '--cfg-path', '/tmp/tmpovxrtkd9']
[2023-04-13T15:22:35.549+0000] {standard_task_runner.py:83} INFO - Job 109: Subtask process_greeting
[2023-04-13T15:22:35.612+0000] {task_command.py:389} INFO - Running <TaskInstance: first_dag.process_greeting manual__2023-04-13T15:22:33.846084+00:00 [running]> on host 6a1c33c9be4a
[2023-04-13T15:22:35.688+0000] {taskinstance.py:1518} INFO - Exporting the following env vars:
AIRFLOW_CTX_DAG_OWNER=***
AIRFLOW_CTX_DAG_ID=first_dag
AIRFLOW_CTX_TASK_ID=process_greeting
AIRFLOW_CTX_EXECUTION_DATE=2023-04-13T15:22:33.846084+00:00
AIRFLOW_CTX_TRY_NUMBER=1
AIRFLOW_CTX_DAG_RUN_ID=manual__2023-04-13T15:22:33.846084+00:00
[2023-04-13T15:22:35.700+0000] {python.py:177} INFO - Done. Returned value was: Hello World 2023-04-13 15:22:35.700931
[2023-04-13T15:22:35.722+0000] {taskinstance.py:1332} INFO - Marking task as SUCCESS. dag_id=first_dag, task_id=process_greeting, execution_date=20230413T152233, start_date=20230413T152235, end_date=20230413T152235
[2023-04-13T15:22:35.759+0000] {local_task_job.py:212} INFO - Task exited with return code 0
[2023-04-13T15:22:35.806+0000] {taskinstance.py:2596} INFO - 1 downstream tasks scheduled from follow-on schedule check
