[2023-04-12T05:44:50.488+0000] {taskinstance.py:1090} INFO - Dependencies all met for dep_context=non-requeueable deps ti=<TaskInstance: first_dag.echo scheduled__2023-04-12T00:00:00+00:00 [queued]>
[2023-04-12T05:44:50.497+0000] {taskinstance.py:1090} INFO - Dependencies all met for dep_context=requeueable deps ti=<TaskInstance: first_dag.echo scheduled__2023-04-12T00:00:00+00:00 [queued]>
[2023-04-12T05:44:50.498+0000] {taskinstance.py:1288} INFO - 
--------------------------------------------------------------------------------
[2023-04-12T05:44:50.498+0000] {taskinstance.py:1289} INFO - Starting attempt 1 of 2
[2023-04-12T05:44:50.499+0000] {taskinstance.py:1290} INFO - 
--------------------------------------------------------------------------------
[2023-04-12T05:44:50.514+0000] {taskinstance.py:1309} INFO - Executing <Task(BashOperator): echo> on 2023-04-12 00:00:00+00:00
[2023-04-12T05:44:50.518+0000] {standard_task_runner.py:55} INFO - Started process 321 to run task
[2023-04-12T05:44:50.520+0000] {standard_task_runner.py:82} INFO - Running: ['***', 'tasks', 'run', 'first_dag', 'echo', 'scheduled__2023-04-12T00:00:00+00:00', '--job-id', '10', '--raw', '--subdir', 'DAGS_FOLDER/first_dag.py', '--cfg-path', '/tmp/tmpv_m5u9cz']
[2023-04-12T05:44:50.522+0000] {standard_task_runner.py:83} INFO - Job 10: Subtask echo
[2023-04-12T05:44:50.584+0000] {task_command.py:389} INFO - Running <TaskInstance: first_dag.echo scheduled__2023-04-12T00:00:00+00:00 [running]> on host bb2ea0885db3
[2023-04-12T05:44:50.670+0000] {taskinstance.py:1518} INFO - Exporting the following env vars:
AIRFLOW_CTX_DAG_EMAIL=trungdq.httt@gmail.com
AIRFLOW_CTX_DAG_OWNER=***
AIRFLOW_CTX_DAG_ID=first_dag
AIRFLOW_CTX_TASK_ID=echo
AIRFLOW_CTX_EXECUTION_DATE=2023-04-12T00:00:00+00:00
AIRFLOW_CTX_TRY_NUMBER=1
AIRFLOW_CTX_DAG_RUN_ID=scheduled__2023-04-12T00:00:00+00:00
[2023-04-12T05:44:50.671+0000] {subprocess.py:63} INFO - Tmp dir root location: 
 /tmp
[2023-04-12T05:44:50.672+0000] {subprocess.py:75} INFO - Running command: ['/bin/bash', '-c', 'echo t3 running']
[2023-04-12T05:44:50.680+0000] {subprocess.py:86} INFO - Output:
[2023-04-12T05:44:50.681+0000] {subprocess.py:93} INFO - t3 running
[2023-04-12T05:44:50.682+0000] {subprocess.py:97} INFO - Command exited with return code 0
[2023-04-12T05:44:50.712+0000] {taskinstance.py:1332} INFO - Marking task as SUCCESS. dag_id=first_dag, task_id=echo, execution_date=20230412T000000, start_date=20230412T054450, end_date=20230412T054450
[2023-04-12T05:44:50.733+0000] {local_task_job.py:212} INFO - Task exited with return code 0
[2023-04-12T05:44:50.751+0000] {taskinstance.py:2596} INFO - 0 downstream tasks scheduled from follow-on schedule check
