[2023-04-13T15:14:07.865+0000] {taskinstance.py:1090} INFO - Dependencies all met for dep_context=non-requeueable deps ti=<TaskInstance: first_dag.save_greeting scheduled__2023-04-13T15:13:00+00:00 [queued]>
[2023-04-13T15:14:07.875+0000] {taskinstance.py:1090} INFO - Dependencies all met for dep_context=requeueable deps ti=<TaskInstance: first_dag.save_greeting scheduled__2023-04-13T15:13:00+00:00 [queued]>
[2023-04-13T15:14:07.876+0000] {taskinstance.py:1288} INFO - 
--------------------------------------------------------------------------------
[2023-04-13T15:14:07.877+0000] {taskinstance.py:1289} INFO - Starting attempt 1 of 1
[2023-04-13T15:14:07.877+0000] {taskinstance.py:1290} INFO - 
--------------------------------------------------------------------------------
[2023-04-13T15:14:07.897+0000] {taskinstance.py:1309} INFO - Executing <Task(PythonOperator): save_greeting> on 2023-04-13 15:13:00+00:00
[2023-04-13T15:14:07.900+0000] {standard_task_runner.py:55} INFO - Started process 1847 to run task
[2023-04-13T15:14:07.904+0000] {standard_task_runner.py:82} INFO - Running: ['***', 'tasks', 'run', 'first_dag', 'save_greeting', 'scheduled__2023-04-13T15:13:00+00:00', '--job-id', '96', '--raw', '--subdir', 'DAGS_FOLDER/first_dag.py', '--cfg-path', '/tmp/tmpsj7d8tz9']
[2023-04-13T15:14:07.907+0000] {standard_task_runner.py:83} INFO - Job 96: Subtask save_greeting
[2023-04-13T15:14:07.978+0000] {task_command.py:389} INFO - Running <TaskInstance: first_dag.save_greeting scheduled__2023-04-13T15:13:00+00:00 [running]> on host 6a1c33c9be4a
[2023-04-13T15:14:08.055+0000] {taskinstance.py:1518} INFO - Exporting the following env vars:
AIRFLOW_CTX_DAG_OWNER=***
AIRFLOW_CTX_DAG_ID=first_dag
AIRFLOW_CTX_TASK_ID=save_greeting
AIRFLOW_CTX_EXECUTION_DATE=2023-04-13T15:13:00+00:00
AIRFLOW_CTX_TRY_NUMBER=1
AIRFLOW_CTX_DAG_RUN_ID=scheduled__2023-04-13T15:13:00+00:00
[2023-04-13T15:14:08.069+0000] {logging_mixin.py:137} INFO - Hello World 2023-04-13 15:14:07.345031
[2023-04-13T15:14:08.071+0000] {python.py:177} INFO - Done. Returned value was: None
[2023-04-13T15:14:08.081+0000] {taskinstance.py:1332} INFO - Marking task as SUCCESS. dag_id=first_dag, task_id=save_greeting, execution_date=20230413T151300, start_date=20230413T151407, end_date=20230413T151408
[2023-04-13T15:14:08.116+0000] {local_task_job.py:212} INFO - Task exited with return code 0
[2023-04-13T15:14:08.132+0000] {taskinstance.py:2596} INFO - 0 downstream tasks scheduled from follow-on schedule check
