[2023-04-13T15:02:31.500+0000] {taskinstance.py:1090} INFO - Dependencies all met for dep_context=non-requeueable deps ti=<TaskInstance: first_dag.process_greeting scheduled__2023-04-13T15:01:00+00:00 [queued]>
[2023-04-13T15:02:31.510+0000] {taskinstance.py:1090} INFO - Dependencies all met for dep_context=requeueable deps ti=<TaskInstance: first_dag.process_greeting scheduled__2023-04-13T15:01:00+00:00 [queued]>
[2023-04-13T15:02:31.511+0000] {taskinstance.py:1288} INFO - 
--------------------------------------------------------------------------------
[2023-04-13T15:02:31.511+0000] {taskinstance.py:1289} INFO - Starting attempt 1 of 1
[2023-04-13T15:02:31.512+0000] {taskinstance.py:1290} INFO - 
--------------------------------------------------------------------------------
[2023-04-13T15:02:31.530+0000] {taskinstance.py:1309} INFO - Executing <Task(PythonOperator): process_greeting> on 2023-04-13 15:01:00+00:00
[2023-04-13T15:02:31.534+0000] {standard_task_runner.py:55} INFO - Started process 1476 to run task
[2023-04-13T15:02:31.536+0000] {standard_task_runner.py:82} INFO - Running: ['***', 'tasks', 'run', 'first_dag', 'process_greeting', 'scheduled__2023-04-13T15:01:00+00:00', '--job-id', '63', '--raw', '--subdir', 'DAGS_FOLDER/first_dag.py', '--cfg-path', '/tmp/tmp2hpap3bc']
[2023-04-13T15:02:31.538+0000] {standard_task_runner.py:83} INFO - Job 63: Subtask process_greeting
[2023-04-13T15:02:31.603+0000] {task_command.py:389} INFO - Running <TaskInstance: first_dag.process_greeting scheduled__2023-04-13T15:01:00+00:00 [running]> on host 6a1c33c9be4a
[2023-04-13T15:02:31.674+0000] {taskinstance.py:1518} INFO - Exporting the following env vars:
AIRFLOW_CTX_DAG_OWNER=***
AIRFLOW_CTX_DAG_ID=first_dag
AIRFLOW_CTX_TASK_ID=process_greeting
AIRFLOW_CTX_EXECUTION_DATE=2023-04-13T15:01:00+00:00
AIRFLOW_CTX_TRY_NUMBER=1
AIRFLOW_CTX_DAG_RUN_ID=scheduled__2023-04-13T15:01:00+00:00
[2023-04-13T15:02:31.686+0000] {python.py:177} INFO - Done. Returned value was: Hello World 2023-04-13 15:02:31.686715
[2023-04-13T15:02:31.706+0000] {taskinstance.py:1332} INFO - Marking task as SUCCESS. dag_id=first_dag, task_id=process_greeting, execution_date=20230413T150100, start_date=20230413T150231, end_date=20230413T150231
[2023-04-13T15:02:31.749+0000] {local_task_job.py:212} INFO - Task exited with return code 0
[2023-04-13T15:02:31.802+0000] {taskinstance.py:2596} INFO - 1 downstream tasks scheduled from follow-on schedule check
