[2023-04-13T15:36:29.912+0000] {taskinstance.py:1090} INFO - Dependencies all met for dep_context=non-requeueable deps ti=<TaskInstance: first_dag.greeting manual__2023-04-13T15:36:29.092641+00:00 [queued]>
[2023-04-13T15:36:29.923+0000] {taskinstance.py:1090} INFO - Dependencies all met for dep_context=requeueable deps ti=<TaskInstance: first_dag.greeting manual__2023-04-13T15:36:29.092641+00:00 [queued]>
[2023-04-13T15:36:29.923+0000] {taskinstance.py:1288} INFO - 
--------------------------------------------------------------------------------
[2023-04-13T15:36:29.924+0000] {taskinstance.py:1289} INFO - Starting attempt 1 of 1
[2023-04-13T15:36:29.924+0000] {taskinstance.py:1290} INFO - 
--------------------------------------------------------------------------------
[2023-04-13T15:36:29.947+0000] {taskinstance.py:1309} INFO - Executing <Task(BashOperator): greeting> on 2023-04-13 15:36:29.092641+00:00
[2023-04-13T15:36:29.951+0000] {standard_task_runner.py:55} INFO - Started process 2446 to run task
[2023-04-13T15:36:29.954+0000] {standard_task_runner.py:82} INFO - Running: ['***', 'tasks', 'run', 'first_dag', 'greeting', 'manual__2023-04-13T15:36:29.092641+00:00', '--job-id', '113', '--raw', '--subdir', 'DAGS_FOLDER/first_dag.py', '--cfg-path', '/tmp/tmpwjjy8o51']
[2023-04-13T15:36:29.956+0000] {standard_task_runner.py:83} INFO - Job 113: Subtask greeting
[2023-04-13T15:36:30.071+0000] {task_command.py:389} INFO - Running <TaskInstance: first_dag.greeting manual__2023-04-13T15:36:29.092641+00:00 [running]> on host 6a1c33c9be4a
[2023-04-13T15:36:30.158+0000] {taskinstance.py:1518} INFO - Exporting the following env vars:
AIRFLOW_CTX_DAG_OWNER=***
AIRFLOW_CTX_DAG_ID=first_dag
AIRFLOW_CTX_TASK_ID=greeting
AIRFLOW_CTX_EXECUTION_DATE=2023-04-13T15:36:29.092641+00:00
AIRFLOW_CTX_TRY_NUMBER=1
AIRFLOW_CTX_DAG_RUN_ID=manual__2023-04-13T15:36:29.092641+00:00
[2023-04-13T15:36:30.159+0000] {subprocess.py:63} INFO - Tmp dir root location: 
 /tmp
[2023-04-13T15:36:30.161+0000] {subprocess.py:75} INFO - Running command: ['/bin/bash', '-c', 'echo Hello ']
[2023-04-13T15:36:30.168+0000] {subprocess.py:86} INFO - Output:
[2023-04-13T15:36:30.169+0000] {subprocess.py:93} INFO - Hello
[2023-04-13T15:36:30.170+0000] {subprocess.py:97} INFO - Command exited with return code 0
[2023-04-13T15:36:30.194+0000] {taskinstance.py:1332} INFO - Marking task as SUCCESS. dag_id=first_dag, task_id=greeting, execution_date=20230413T153629, start_date=20230413T153629, end_date=20230413T153630
[2023-04-13T15:36:30.247+0000] {local_task_job.py:212} INFO - Task exited with return code 0
[2023-04-13T15:36:30.268+0000] {taskinstance.py:2596} INFO - 1 downstream tasks scheduled from follow-on schedule check
