[2023-04-13T15:08:14.486+0000] {taskinstance.py:1090} INFO - Dependencies all met for dep_context=non-requeueable deps ti=<TaskInstance: first_dag.process_greeting scheduled__2023-04-13T15:06:00+00:00 [queued]>
[2023-04-13T15:08:14.499+0000] {taskinstance.py:1090} INFO - Dependencies all met for dep_context=requeueable deps ti=<TaskInstance: first_dag.process_greeting scheduled__2023-04-13T15:06:00+00:00 [queued]>
[2023-04-13T15:08:14.499+0000] {taskinstance.py:1288} INFO - 
--------------------------------------------------------------------------------
[2023-04-13T15:08:14.500+0000] {taskinstance.py:1289} INFO - Starting attempt 1 of 1
[2023-04-13T15:08:14.501+0000] {taskinstance.py:1290} INFO - 
--------------------------------------------------------------------------------
[2023-04-13T15:08:14.522+0000] {taskinstance.py:1309} INFO - Executing <Task(PythonOperator): process_greeting> on 2023-04-13 15:06:00+00:00
[2023-04-13T15:08:14.526+0000] {standard_task_runner.py:55} INFO - Started process 1652 to run task
[2023-04-13T15:08:14.529+0000] {standard_task_runner.py:82} INFO - Running: ['***', 'tasks', 'run', 'first_dag', 'process_greeting', 'scheduled__2023-04-13T15:06:00+00:00', '--job-id', '78', '--raw', '--subdir', 'DAGS_FOLDER/first_dag.py', '--cfg-path', '/tmp/tmppgp71uwv']
[2023-04-13T15:08:14.532+0000] {standard_task_runner.py:83} INFO - Job 78: Subtask process_greeting
[2023-04-13T15:08:14.606+0000] {task_command.py:389} INFO - Running <TaskInstance: first_dag.process_greeting scheduled__2023-04-13T15:06:00+00:00 [running]> on host 6a1c33c9be4a
[2023-04-13T15:08:14.689+0000] {taskinstance.py:1518} INFO - Exporting the following env vars:
AIRFLOW_CTX_DAG_OWNER=***
AIRFLOW_CTX_DAG_ID=first_dag
AIRFLOW_CTX_TASK_ID=process_greeting
AIRFLOW_CTX_EXECUTION_DATE=2023-04-13T15:06:00+00:00
AIRFLOW_CTX_TRY_NUMBER=1
AIRFLOW_CTX_DAG_RUN_ID=scheduled__2023-04-13T15:06:00+00:00
[2023-04-13T15:08:14.704+0000] {python.py:177} INFO - Done. Returned value was: Hello World 2023-04-13 15:08:14.704052
[2023-04-13T15:08:14.731+0000] {taskinstance.py:1332} INFO - Marking task as SUCCESS. dag_id=first_dag, task_id=process_greeting, execution_date=20230413T150600, start_date=20230413T150814, end_date=20230413T150814
[2023-04-13T15:08:14.781+0000] {local_task_job.py:212} INFO - Task exited with return code 0
[2023-04-13T15:08:14.802+0000] {taskinstance.py:2596} INFO - 1 downstream tasks scheduled from follow-on schedule check
