[2023-04-12T05:39:39.274+0000] {processor.py:153} INFO - Started process (PID=174) to work on /opt/airflow/dags/first_dag.py
[2023-04-12T05:39:39.275+0000] {processor.py:743} INFO - Processing file /opt/airflow/dags/first_dag.py for tasks to queue
[2023-04-12T05:39:39.275+0000] {logging_mixin.py:137} INFO - [2023-04-12T05:39:39.275+0000] {dagbag.py:532} INFO - Filling up the DagBag from /opt/airflow/dags/first_dag.py
[2023-04-12T05:39:39.322+0000] {processor.py:753} INFO - DAG(s) dict_keys(['first_dag']) retrieved from /opt/airflow/dags/first_dag.py
[2023-04-12T05:39:39.578+0000] {logging_mixin.py:137} INFO - [2023-04-12T05:39:39.578+0000] {manager.py:504} INFO - Created Permission View: can read on DAG:first_dag
[2023-04-12T05:39:39.630+0000] {logging_mixin.py:137} INFO - [2023-04-12T05:39:39.630+0000] {manager.py:504} INFO - Created Permission View: can edit on DAG:first_dag
[2023-04-12T05:39:39.670+0000] {logging_mixin.py:137} INFO - [2023-04-12T05:39:39.670+0000] {manager.py:504} INFO - Created Permission View: can delete on DAG:first_dag
[2023-04-12T05:39:39.671+0000] {logging_mixin.py:137} INFO - [2023-04-12T05:39:39.670+0000] {dag.py:2705} INFO - Sync 1 DAGs
[2023-04-12T05:39:39.693+0000] {logging_mixin.py:137} INFO - [2023-04-12T05:39:39.693+0000] {dag.py:2726} INFO - Creating ORM DAG for first_dag
[2023-04-12T05:39:39.711+0000] {logging_mixin.py:137} INFO - [2023-04-12T05:39:39.710+0000] {dag.py:3456} INFO - Setting next_dagrun for first_dag to 2023-04-12T00:00:00+00:00, run_after=2023-04-13T00:00:00+00:00
[2023-04-12T05:39:39.765+0000] {processor.py:175} INFO - Processing /opt/airflow/dags/first_dag.py took 0.495 seconds
[2023-04-12T05:40:09.988+0000] {processor.py:153} INFO - Started process (PID=187) to work on /opt/airflow/dags/first_dag.py
[2023-04-12T05:40:09.989+0000] {processor.py:743} INFO - Processing file /opt/airflow/dags/first_dag.py for tasks to queue
[2023-04-12T05:40:09.990+0000] {logging_mixin.py:137} INFO - [2023-04-12T05:40:09.990+0000] {dagbag.py:532} INFO - Filling up the DagBag from /opt/airflow/dags/first_dag.py
[2023-04-12T05:40:10.018+0000] {processor.py:753} INFO - DAG(s) dict_keys(['first_dag']) retrieved from /opt/airflow/dags/first_dag.py
[2023-04-12T05:40:10.045+0000] {logging_mixin.py:137} INFO - [2023-04-12T05:40:10.045+0000] {dag.py:2705} INFO - Sync 1 DAGs
[2023-04-12T05:40:10.070+0000] {logging_mixin.py:137} INFO - [2023-04-12T05:40:10.070+0000] {dag.py:3456} INFO - Setting next_dagrun for first_dag to 2023-04-12T00:00:00+00:00, run_after=2023-04-13T00:00:00+00:00
[2023-04-12T05:40:10.092+0000] {processor.py:175} INFO - Processing /opt/airflow/dags/first_dag.py took 0.107 seconds
[2023-04-12T05:40:40.192+0000] {processor.py:153} INFO - Started process (PID=199) to work on /opt/airflow/dags/first_dag.py
[2023-04-12T05:40:40.193+0000] {processor.py:743} INFO - Processing file /opt/airflow/dags/first_dag.py for tasks to queue
[2023-04-12T05:40:40.194+0000] {logging_mixin.py:137} INFO - [2023-04-12T05:40:40.194+0000] {dagbag.py:532} INFO - Filling up the DagBag from /opt/airflow/dags/first_dag.py
[2023-04-12T05:40:40.218+0000] {processor.py:753} INFO - DAG(s) dict_keys(['first_dag']) retrieved from /opt/airflow/dags/first_dag.py
[2023-04-12T05:40:40.243+0000] {logging_mixin.py:137} INFO - [2023-04-12T05:40:40.242+0000] {dag.py:2705} INFO - Sync 1 DAGs
[2023-04-12T05:40:40.268+0000] {logging_mixin.py:137} INFO - [2023-04-12T05:40:40.268+0000] {dag.py:3456} INFO - Setting next_dagrun for first_dag to 2023-04-12T00:00:00+00:00, run_after=2023-04-13T00:00:00+00:00
[2023-04-12T05:40:40.293+0000] {processor.py:175} INFO - Processing /opt/airflow/dags/first_dag.py took 0.104 seconds
[2023-04-12T05:41:10.507+0000] {processor.py:153} INFO - Started process (PID=211) to work on /opt/airflow/dags/first_dag.py
[2023-04-12T05:41:10.507+0000] {processor.py:743} INFO - Processing file /opt/airflow/dags/first_dag.py for tasks to queue
[2023-04-12T05:41:10.509+0000] {logging_mixin.py:137} INFO - [2023-04-12T05:41:10.508+0000] {dagbag.py:532} INFO - Filling up the DagBag from /opt/airflow/dags/first_dag.py
[2023-04-12T05:41:10.530+0000] {processor.py:753} INFO - DAG(s) dict_keys(['first_dag']) retrieved from /opt/airflow/dags/first_dag.py
[2023-04-12T05:41:10.555+0000] {logging_mixin.py:137} INFO - [2023-04-12T05:41:10.555+0000] {dag.py:2705} INFO - Sync 1 DAGs
[2023-04-12T05:41:10.581+0000] {logging_mixin.py:137} INFO - [2023-04-12T05:41:10.581+0000] {dag.py:3456} INFO - Setting next_dagrun for first_dag to 2023-04-12T00:00:00+00:00, run_after=2023-04-13T00:00:00+00:00
[2023-04-12T05:41:10.603+0000] {processor.py:175} INFO - Processing /opt/airflow/dags/first_dag.py took 0.099 seconds
[2023-04-12T05:41:40.723+0000] {processor.py:153} INFO - Started process (PID=223) to work on /opt/airflow/dags/first_dag.py
[2023-04-12T05:41:40.724+0000] {processor.py:743} INFO - Processing file /opt/airflow/dags/first_dag.py for tasks to queue
[2023-04-12T05:41:40.724+0000] {logging_mixin.py:137} INFO - [2023-04-12T05:41:40.724+0000] {dagbag.py:532} INFO - Filling up the DagBag from /opt/airflow/dags/first_dag.py
[2023-04-12T05:41:40.749+0000] {processor.py:753} INFO - DAG(s) dict_keys(['first_dag']) retrieved from /opt/airflow/dags/first_dag.py
[2023-04-12T05:41:40.777+0000] {logging_mixin.py:137} INFO - [2023-04-12T05:41:40.777+0000] {dag.py:2705} INFO - Sync 1 DAGs
[2023-04-12T05:41:40.806+0000] {logging_mixin.py:137} INFO - [2023-04-12T05:41:40.806+0000] {dag.py:3456} INFO - Setting next_dagrun for first_dag to 2023-04-12T00:00:00+00:00, run_after=2023-04-13T00:00:00+00:00
[2023-04-12T05:41:40.831+0000] {processor.py:175} INFO - Processing /opt/airflow/dags/first_dag.py took 0.111 seconds
[2023-04-12T05:42:11.050+0000] {processor.py:153} INFO - Started process (PID=235) to work on /opt/airflow/dags/first_dag.py
[2023-04-12T05:42:11.050+0000] {processor.py:743} INFO - Processing file /opt/airflow/dags/first_dag.py for tasks to queue
[2023-04-12T05:42:11.051+0000] {logging_mixin.py:137} INFO - [2023-04-12T05:42:11.051+0000] {dagbag.py:532} INFO - Filling up the DagBag from /opt/airflow/dags/first_dag.py
[2023-04-12T05:42:11.076+0000] {processor.py:753} INFO - DAG(s) dict_keys(['first_dag']) retrieved from /opt/airflow/dags/first_dag.py
[2023-04-12T05:42:11.102+0000] {logging_mixin.py:137} INFO - [2023-04-12T05:42:11.102+0000] {dag.py:2705} INFO - Sync 1 DAGs
[2023-04-12T05:42:11.131+0000] {logging_mixin.py:137} INFO - [2023-04-12T05:42:11.131+0000] {dag.py:3456} INFO - Setting next_dagrun for first_dag to 2023-04-12T00:00:00+00:00, run_after=2023-04-13T00:00:00+00:00
[2023-04-12T05:42:11.155+0000] {processor.py:175} INFO - Processing /opt/airflow/dags/first_dag.py took 0.109 seconds
[2023-04-12T05:42:25.186+0000] {processor.py:153} INFO - Started process (PID=240) to work on /opt/airflow/dags/first_dag.py
[2023-04-12T05:42:25.187+0000] {processor.py:743} INFO - Processing file /opt/airflow/dags/first_dag.py for tasks to queue
[2023-04-12T05:42:25.188+0000] {logging_mixin.py:137} INFO - [2023-04-12T05:42:25.188+0000] {dagbag.py:532} INFO - Filling up the DagBag from /opt/airflow/dags/first_dag.py
[2023-04-12T05:42:25.221+0000] {logging_mixin.py:137} INFO - [2023-04-12T05:42:25.215+0000] {dagbag.py:341} ERROR - Failed to import: /opt/airflow/dags/first_dag.py
Traceback (most recent call last):
  File "/home/airflow/.local/lib/python3.7/site-packages/airflow/models/dagbag.py", line 337, in parse
    loader.exec_module(new_module)
  File "<frozen importlib._bootstrap_external>", line 728, in exec_module
  File "<frozen importlib._bootstrap>", line 219, in _call_with_frames_removed
  File "/opt/airflow/dags/first_dag.py", line 22, in <module>
    dag=dag
  File "/home/airflow/.local/lib/python3.7/site-packages/airflow/models/baseoperator.py", line 394, in apply_defaults
    result = func(self, **kwargs, default_args=default_args)
  File "/home/airflow/.local/lib/python3.7/site-packages/airflow/operators/bash.py", line 147, in __init__
    super().__init__(**kwargs)
  File "/home/airflow/.local/lib/python3.7/site-packages/airflow/models/baseoperator.py", line 394, in apply_defaults
    result = func(self, **kwargs, default_args=default_args)
  File "/home/airflow/.local/lib/python3.7/site-packages/airflow/models/baseoperator.py", line 874, in __init__
    self.dag = dag
  File "/home/airflow/.local/lib/python3.7/site-packages/airflow/models/baseoperator.py", line 981, in __setattr__
    super().__setattr__(key, value)
  File "/home/airflow/.local/lib/python3.7/site-packages/airflow/models/baseoperator.py", line 1039, in dag
    dag.add_task(self)
  File "/home/airflow/.local/lib/python3.7/site-packages/airflow/models/dag.py", line 2343, in add_task
    raise AirflowException("DAG is missing the start_date parameter")
airflow.exceptions.AirflowException: DAG is missing the start_date parameter
[2023-04-12T05:42:25.222+0000] {processor.py:755} WARNING - No viable dags retrieved from /opt/airflow/dags/first_dag.py
[2023-04-12T05:42:25.257+0000] {processor.py:175} INFO - Processing /opt/airflow/dags/first_dag.py took 0.074 seconds
[2023-04-12T05:42:43.321+0000] {processor.py:153} INFO - Started process (PID=252) to work on /opt/airflow/dags/first_dag.py
[2023-04-12T05:42:43.322+0000] {processor.py:743} INFO - Processing file /opt/airflow/dags/first_dag.py for tasks to queue
[2023-04-12T05:42:43.323+0000] {logging_mixin.py:137} INFO - [2023-04-12T05:42:43.323+0000] {dagbag.py:532} INFO - Filling up the DagBag from /opt/airflow/dags/first_dag.py
[2023-04-12T05:42:43.358+0000] {logging_mixin.py:137} INFO - [2023-04-12T05:42:43.352+0000] {dagbag.py:341} ERROR - Failed to import: /opt/airflow/dags/first_dag.py
Traceback (most recent call last):
  File "/home/airflow/.local/lib/python3.7/site-packages/airflow/models/dagbag.py", line 337, in parse
    loader.exec_module(new_module)
  File "<frozen importlib._bootstrap_external>", line 728, in exec_module
  File "<frozen importlib._bootstrap>", line 219, in _call_with_frames_removed
  File "/opt/airflow/dags/first_dag.py", line 22, in <module>
    dag=dag
  File "/home/airflow/.local/lib/python3.7/site-packages/airflow/models/baseoperator.py", line 394, in apply_defaults
    result = func(self, **kwargs, default_args=default_args)
  File "/home/airflow/.local/lib/python3.7/site-packages/airflow/operators/bash.py", line 147, in __init__
    super().__init__(**kwargs)
  File "/home/airflow/.local/lib/python3.7/site-packages/airflow/models/baseoperator.py", line 394, in apply_defaults
    result = func(self, **kwargs, default_args=default_args)
  File "/home/airflow/.local/lib/python3.7/site-packages/airflow/models/baseoperator.py", line 874, in __init__
    self.dag = dag
  File "/home/airflow/.local/lib/python3.7/site-packages/airflow/models/baseoperator.py", line 981, in __setattr__
    super().__setattr__(key, value)
  File "/home/airflow/.local/lib/python3.7/site-packages/airflow/models/baseoperator.py", line 1039, in dag
    dag.add_task(self)
  File "/home/airflow/.local/lib/python3.7/site-packages/airflow/models/dag.py", line 2343, in add_task
    raise AirflowException("DAG is missing the start_date parameter")
airflow.exceptions.AirflowException: DAG is missing the start_date parameter
[2023-04-12T05:42:43.359+0000] {processor.py:755} WARNING - No viable dags retrieved from /opt/airflow/dags/first_dag.py
[2023-04-12T05:42:43.383+0000] {processor.py:175} INFO - Processing /opt/airflow/dags/first_dag.py took 0.065 seconds
[2023-04-12T05:42:57.492+0000] {processor.py:153} INFO - Started process (PID=257) to work on /opt/airflow/dags/first_dag.py
[2023-04-12T05:42:57.494+0000] {processor.py:743} INFO - Processing file /opt/airflow/dags/first_dag.py for tasks to queue
[2023-04-12T05:42:57.496+0000] {logging_mixin.py:137} INFO - [2023-04-12T05:42:57.495+0000] {dagbag.py:532} INFO - Filling up the DagBag from /opt/airflow/dags/first_dag.py
[2023-04-12T05:42:57.536+0000] {processor.py:753} INFO - DAG(s) dict_keys(['first_dag']) retrieved from /opt/airflow/dags/first_dag.py
[2023-04-12T05:42:57.614+0000] {logging_mixin.py:137} INFO - [2023-04-12T05:42:57.614+0000] {dag.py:2705} INFO - Sync 1 DAGs
[2023-04-12T05:42:57.640+0000] {logging_mixin.py:137} INFO - [2023-04-12T05:42:57.639+0000] {dag.py:3456} INFO - Setting next_dagrun for first_dag to 2023-04-12T00:00:00+00:00, run_after=2023-04-12T00:00:00+00:00
[2023-04-12T05:42:57.670+0000] {processor.py:175} INFO - Processing /opt/airflow/dags/first_dag.py took 0.181 seconds
[2023-04-12T05:43:27.835+0000] {processor.py:153} INFO - Started process (PID=269) to work on /opt/airflow/dags/first_dag.py
[2023-04-12T05:43:27.837+0000] {processor.py:743} INFO - Processing file /opt/airflow/dags/first_dag.py for tasks to queue
[2023-04-12T05:43:27.839+0000] {logging_mixin.py:137} INFO - [2023-04-12T05:43:27.838+0000] {dagbag.py:532} INFO - Filling up the DagBag from /opt/airflow/dags/first_dag.py
[2023-04-12T05:43:27.863+0000] {processor.py:753} INFO - DAG(s) dict_keys(['first_dag']) retrieved from /opt/airflow/dags/first_dag.py
[2023-04-12T05:43:27.888+0000] {logging_mixin.py:137} INFO - [2023-04-12T05:43:27.888+0000] {dag.py:2705} INFO - Sync 1 DAGs
[2023-04-12T05:43:27.915+0000] {logging_mixin.py:137} INFO - [2023-04-12T05:43:27.915+0000] {dag.py:3456} INFO - Setting next_dagrun for first_dag to 2023-04-12T00:00:00+00:00, run_after=2023-04-12T00:00:00+00:00
[2023-04-12T05:43:27.937+0000] {processor.py:175} INFO - Processing /opt/airflow/dags/first_dag.py took 0.110 seconds
[2023-04-12T05:43:58.143+0000] {processor.py:153} INFO - Started process (PID=281) to work on /opt/airflow/dags/first_dag.py
[2023-04-12T05:43:58.144+0000] {processor.py:743} INFO - Processing file /opt/airflow/dags/first_dag.py for tasks to queue
[2023-04-12T05:43:58.145+0000] {logging_mixin.py:137} INFO - [2023-04-12T05:43:58.145+0000] {dagbag.py:532} INFO - Filling up the DagBag from /opt/airflow/dags/first_dag.py
[2023-04-12T05:43:58.168+0000] {processor.py:753} INFO - DAG(s) dict_keys(['first_dag']) retrieved from /opt/airflow/dags/first_dag.py
[2023-04-12T05:43:58.191+0000] {logging_mixin.py:137} INFO - [2023-04-12T05:43:58.191+0000] {dag.py:2705} INFO - Sync 1 DAGs
[2023-04-12T05:43:58.221+0000] {logging_mixin.py:137} INFO - [2023-04-12T05:43:58.220+0000] {dag.py:3456} INFO - Setting next_dagrun for first_dag to 2023-04-12T00:00:00+00:00, run_after=2023-04-12T00:00:00+00:00
[2023-04-12T05:43:58.247+0000] {processor.py:175} INFO - Processing /opt/airflow/dags/first_dag.py took 0.108 seconds
[2023-04-12T05:44:28.450+0000] {processor.py:153} INFO - Started process (PID=293) to work on /opt/airflow/dags/first_dag.py
[2023-04-12T05:44:28.451+0000] {processor.py:743} INFO - Processing file /opt/airflow/dags/first_dag.py for tasks to queue
[2023-04-12T05:44:28.451+0000] {logging_mixin.py:137} INFO - [2023-04-12T05:44:28.451+0000] {dagbag.py:532} INFO - Filling up the DagBag from /opt/airflow/dags/first_dag.py
[2023-04-12T05:44:28.474+0000] {processor.py:753} INFO - DAG(s) dict_keys(['first_dag']) retrieved from /opt/airflow/dags/first_dag.py
[2023-04-12T05:44:28.498+0000] {logging_mixin.py:137} INFO - [2023-04-12T05:44:28.498+0000] {dag.py:2705} INFO - Sync 1 DAGs
[2023-04-12T05:44:28.523+0000] {logging_mixin.py:137} INFO - [2023-04-12T05:44:28.523+0000] {dag.py:3456} INFO - Setting next_dagrun for first_dag to 2023-04-12T00:00:00+00:00, run_after=2023-04-12T00:00:00+00:00
[2023-04-12T05:44:28.545+0000] {processor.py:175} INFO - Processing /opt/airflow/dags/first_dag.py took 0.100 seconds
[2023-04-12T05:44:58.712+0000] {processor.py:153} INFO - Started process (PID=325) to work on /opt/airflow/dags/first_dag.py
[2023-04-12T05:44:58.713+0000] {processor.py:743} INFO - Processing file /opt/airflow/dags/first_dag.py for tasks to queue
[2023-04-12T05:44:58.714+0000] {logging_mixin.py:137} INFO - [2023-04-12T05:44:58.714+0000] {dagbag.py:532} INFO - Filling up the DagBag from /opt/airflow/dags/first_dag.py
[2023-04-12T05:44:58.738+0000] {processor.py:753} INFO - DAG(s) dict_keys(['first_dag']) retrieved from /opt/airflow/dags/first_dag.py
[2023-04-12T05:44:58.763+0000] {logging_mixin.py:137} INFO - [2023-04-12T05:44:58.762+0000] {dag.py:2705} INFO - Sync 1 DAGs
[2023-04-12T05:44:58.788+0000] {logging_mixin.py:137} INFO - [2023-04-12T05:44:58.788+0000] {dag.py:3456} INFO - Setting next_dagrun for first_dag to None, run_after=None
[2023-04-12T05:44:58.808+0000] {processor.py:175} INFO - Processing /opt/airflow/dags/first_dag.py took 0.100 seconds
[2023-04-12T05:45:29.019+0000] {processor.py:153} INFO - Started process (PID=337) to work on /opt/airflow/dags/first_dag.py
[2023-04-12T05:45:29.020+0000] {processor.py:743} INFO - Processing file /opt/airflow/dags/first_dag.py for tasks to queue
[2023-04-12T05:45:29.021+0000] {logging_mixin.py:137} INFO - [2023-04-12T05:45:29.020+0000] {dagbag.py:532} INFO - Filling up the DagBag from /opt/airflow/dags/first_dag.py
[2023-04-12T05:45:29.043+0000] {processor.py:753} INFO - DAG(s) dict_keys(['first_dag']) retrieved from /opt/airflow/dags/first_dag.py
[2023-04-12T05:45:29.068+0000] {logging_mixin.py:137} INFO - [2023-04-12T05:45:29.068+0000] {dag.py:2705} INFO - Sync 1 DAGs
[2023-04-12T05:45:29.094+0000] {logging_mixin.py:137} INFO - [2023-04-12T05:45:29.094+0000] {dag.py:3456} INFO - Setting next_dagrun for first_dag to None, run_after=None
[2023-04-12T05:45:29.118+0000] {processor.py:175} INFO - Processing /opt/airflow/dags/first_dag.py took 0.103 seconds
[2023-04-12T05:45:59.325+0000] {processor.py:153} INFO - Started process (PID=349) to work on /opt/airflow/dags/first_dag.py
[2023-04-12T05:45:59.326+0000] {processor.py:743} INFO - Processing file /opt/airflow/dags/first_dag.py for tasks to queue
[2023-04-12T05:45:59.327+0000] {logging_mixin.py:137} INFO - [2023-04-12T05:45:59.327+0000] {dagbag.py:532} INFO - Filling up the DagBag from /opt/airflow/dags/first_dag.py
[2023-04-12T05:45:59.349+0000] {processor.py:753} INFO - DAG(s) dict_keys(['first_dag']) retrieved from /opt/airflow/dags/first_dag.py
[2023-04-12T05:45:59.375+0000] {logging_mixin.py:137} INFO - [2023-04-12T05:45:59.375+0000] {dag.py:2705} INFO - Sync 1 DAGs
[2023-04-12T05:45:59.402+0000] {logging_mixin.py:137} INFO - [2023-04-12T05:45:59.402+0000] {dag.py:3456} INFO - Setting next_dagrun for first_dag to None, run_after=None
[2023-04-12T05:45:59.424+0000] {processor.py:175} INFO - Processing /opt/airflow/dags/first_dag.py took 0.103 seconds
[2023-04-12T05:46:29.640+0000] {processor.py:153} INFO - Started process (PID=361) to work on /opt/airflow/dags/first_dag.py
[2023-04-12T05:46:29.641+0000] {processor.py:743} INFO - Processing file /opt/airflow/dags/first_dag.py for tasks to queue
[2023-04-12T05:46:29.642+0000] {logging_mixin.py:137} INFO - [2023-04-12T05:46:29.642+0000] {dagbag.py:532} INFO - Filling up the DagBag from /opt/airflow/dags/first_dag.py
[2023-04-12T05:46:29.664+0000] {processor.py:753} INFO - DAG(s) dict_keys(['first_dag']) retrieved from /opt/airflow/dags/first_dag.py
[2023-04-12T05:46:29.688+0000] {logging_mixin.py:137} INFO - [2023-04-12T05:46:29.688+0000] {dag.py:2705} INFO - Sync 1 DAGs
[2023-04-12T05:46:29.712+0000] {logging_mixin.py:137} INFO - [2023-04-12T05:46:29.712+0000] {dag.py:3456} INFO - Setting next_dagrun for first_dag to None, run_after=None
[2023-04-12T05:46:29.733+0000] {processor.py:175} INFO - Processing /opt/airflow/dags/first_dag.py took 0.096 seconds
[2023-04-12T05:46:59.936+0000] {processor.py:153} INFO - Started process (PID=373) to work on /opt/airflow/dags/first_dag.py
[2023-04-12T05:46:59.937+0000] {processor.py:743} INFO - Processing file /opt/airflow/dags/first_dag.py for tasks to queue
[2023-04-12T05:46:59.938+0000] {logging_mixin.py:137} INFO - [2023-04-12T05:46:59.938+0000] {dagbag.py:532} INFO - Filling up the DagBag from /opt/airflow/dags/first_dag.py
[2023-04-12T05:46:59.960+0000] {processor.py:753} INFO - DAG(s) dict_keys(['first_dag']) retrieved from /opt/airflow/dags/first_dag.py
[2023-04-12T05:46:59.987+0000] {logging_mixin.py:137} INFO - [2023-04-12T05:46:59.987+0000] {dag.py:2705} INFO - Sync 1 DAGs
[2023-04-12T05:47:00.022+0000] {logging_mixin.py:137} INFO - [2023-04-12T05:47:00.022+0000] {dag.py:3456} INFO - Setting next_dagrun for first_dag to None, run_after=None
[2023-04-12T05:47:00.051+0000] {processor.py:175} INFO - Processing /opt/airflow/dags/first_dag.py took 0.117 seconds
[2023-04-12T05:47:30.145+0000] {processor.py:153} INFO - Started process (PID=385) to work on /opt/airflow/dags/first_dag.py
[2023-04-12T05:47:30.146+0000] {processor.py:743} INFO - Processing file /opt/airflow/dags/first_dag.py for tasks to queue
[2023-04-12T05:47:30.147+0000] {logging_mixin.py:137} INFO - [2023-04-12T05:47:30.147+0000] {dagbag.py:532} INFO - Filling up the DagBag from /opt/airflow/dags/first_dag.py
[2023-04-12T05:47:30.173+0000] {processor.py:753} INFO - DAG(s) dict_keys(['first_dag']) retrieved from /opt/airflow/dags/first_dag.py
[2023-04-12T05:47:30.199+0000] {logging_mixin.py:137} INFO - [2023-04-12T05:47:30.199+0000] {dag.py:2705} INFO - Sync 1 DAGs
[2023-04-12T05:47:30.226+0000] {logging_mixin.py:137} INFO - [2023-04-12T05:47:30.225+0000] {dag.py:3456} INFO - Setting next_dagrun for first_dag to None, run_after=None
[2023-04-12T05:47:30.247+0000] {processor.py:175} INFO - Processing /opt/airflow/dags/first_dag.py took 0.105 seconds
[2023-04-12T05:48:00.486+0000] {processor.py:153} INFO - Started process (PID=398) to work on /opt/airflow/dags/first_dag.py
[2023-04-12T05:48:00.487+0000] {processor.py:743} INFO - Processing file /opt/airflow/dags/first_dag.py for tasks to queue
[2023-04-12T05:48:00.488+0000] {logging_mixin.py:137} INFO - [2023-04-12T05:48:00.488+0000] {dagbag.py:532} INFO - Filling up the DagBag from /opt/airflow/dags/first_dag.py
[2023-04-12T05:48:00.508+0000] {processor.py:753} INFO - DAG(s) dict_keys(['first_dag']) retrieved from /opt/airflow/dags/first_dag.py
[2023-04-12T05:48:00.531+0000] {logging_mixin.py:137} INFO - [2023-04-12T05:48:00.531+0000] {dag.py:2705} INFO - Sync 1 DAGs
[2023-04-12T05:48:00.556+0000] {logging_mixin.py:137} INFO - [2023-04-12T05:48:00.555+0000] {dag.py:3456} INFO - Setting next_dagrun for first_dag to None, run_after=None
[2023-04-12T05:48:00.577+0000] {processor.py:175} INFO - Processing /opt/airflow/dags/first_dag.py took 0.094 seconds
[2023-04-12T05:48:21.674+0000] {processor.py:153} INFO - Started process (PID=410) to work on /opt/airflow/dags/first_dag.py
[2023-04-12T05:48:21.676+0000] {processor.py:743} INFO - Processing file /opt/airflow/dags/first_dag.py for tasks to queue
[2023-04-12T05:48:21.677+0000] {logging_mixin.py:137} INFO - [2023-04-12T05:48:21.676+0000] {dagbag.py:532} INFO - Filling up the DagBag from /opt/airflow/dags/first_dag.py
[2023-04-12T05:48:21.693+0000] {logging_mixin.py:137} INFO - [2023-04-12T05:48:21.691+0000] {dagbag.py:341} ERROR - Failed to import: /opt/airflow/dags/first_dag.py
Traceback (most recent call last):
  File "/home/airflow/.local/lib/python3.7/site-packages/airflow/models/dagbag.py", line 337, in parse
    loader.exec_module(new_module)
  File "<frozen importlib._bootstrap_external>", line 724, in exec_module
  File "<frozen importlib._bootstrap_external>", line 860, in get_code
  File "<frozen importlib._bootstrap_external>", line 791, in source_to_code
  File "<frozen importlib._bootstrap>", line 219, in _call_with_frames_removed
  File "/opt/airflow/dags/first_dag.py", line 21
    bash_command='date > D:\UIT\AirflowProject\project\data\date.txt',
                ^
SyntaxError: (unicode error) 'unicodeescape' codec can't decode bytes in position 9-10: truncated \UXXXXXXXX escape
[2023-04-12T05:48:21.693+0000] {processor.py:755} WARNING - No viable dags retrieved from /opt/airflow/dags/first_dag.py
[2023-04-12T05:48:21.719+0000] {processor.py:175} INFO - Processing /opt/airflow/dags/first_dag.py took 0.049 seconds
[2023-04-12T05:48:51.885+0000] {processor.py:153} INFO - Started process (PID=422) to work on /opt/airflow/dags/first_dag.py
[2023-04-12T05:48:51.886+0000] {processor.py:743} INFO - Processing file /opt/airflow/dags/first_dag.py for tasks to queue
[2023-04-12T05:48:51.887+0000] {logging_mixin.py:137} INFO - [2023-04-12T05:48:51.887+0000] {dagbag.py:532} INFO - Filling up the DagBag from /opt/airflow/dags/first_dag.py
[2023-04-12T05:48:51.902+0000] {logging_mixin.py:137} INFO - [2023-04-12T05:48:51.901+0000] {dagbag.py:341} ERROR - Failed to import: /opt/airflow/dags/first_dag.py
Traceback (most recent call last):
  File "/home/airflow/.local/lib/python3.7/site-packages/airflow/models/dagbag.py", line 337, in parse
    loader.exec_module(new_module)
  File "<frozen importlib._bootstrap_external>", line 724, in exec_module
  File "<frozen importlib._bootstrap_external>", line 860, in get_code
  File "<frozen importlib._bootstrap_external>", line 791, in source_to_code
  File "<frozen importlib._bootstrap>", line 219, in _call_with_frames_removed
  File "/opt/airflow/dags/first_dag.py", line 21
    bash_command='date > D:\UIT\AirflowProject\project\data\date.txt',
                ^
SyntaxError: (unicode error) 'unicodeescape' codec can't decode bytes in position 9-10: truncated \UXXXXXXXX escape
[2023-04-12T05:48:51.903+0000] {processor.py:755} WARNING - No viable dags retrieved from /opt/airflow/dags/first_dag.py
[2023-04-12T05:48:51.925+0000] {processor.py:175} INFO - Processing /opt/airflow/dags/first_dag.py took 0.043 seconds
[2023-04-12T05:49:22.136+0000] {processor.py:153} INFO - Started process (PID=434) to work on /opt/airflow/dags/first_dag.py
[2023-04-12T05:49:22.136+0000] {processor.py:743} INFO - Processing file /opt/airflow/dags/first_dag.py for tasks to queue
[2023-04-12T05:49:22.137+0000] {logging_mixin.py:137} INFO - [2023-04-12T05:49:22.137+0000] {dagbag.py:532} INFO - Filling up the DagBag from /opt/airflow/dags/first_dag.py
[2023-04-12T05:49:22.151+0000] {logging_mixin.py:137} INFO - [2023-04-12T05:49:22.150+0000] {dagbag.py:341} ERROR - Failed to import: /opt/airflow/dags/first_dag.py
Traceback (most recent call last):
  File "/home/airflow/.local/lib/python3.7/site-packages/airflow/models/dagbag.py", line 337, in parse
    loader.exec_module(new_module)
  File "<frozen importlib._bootstrap_external>", line 724, in exec_module
  File "<frozen importlib._bootstrap_external>", line 860, in get_code
  File "<frozen importlib._bootstrap_external>", line 791, in source_to_code
  File "<frozen importlib._bootstrap>", line 219, in _call_with_frames_removed
  File "/opt/airflow/dags/first_dag.py", line 21
    bash_command='date > D:\UIT\AirflowProject\project\data\date.txt',
                ^
SyntaxError: (unicode error) 'unicodeescape' codec can't decode bytes in position 9-10: truncated \UXXXXXXXX escape
[2023-04-12T05:49:22.152+0000] {processor.py:755} WARNING - No viable dags retrieved from /opt/airflow/dags/first_dag.py
[2023-04-12T05:49:22.173+0000] {processor.py:175} INFO - Processing /opt/airflow/dags/first_dag.py took 0.040 seconds
[2023-04-12T05:49:52.433+0000] {processor.py:153} INFO - Started process (PID=446) to work on /opt/airflow/dags/first_dag.py
[2023-04-12T05:49:52.434+0000] {processor.py:743} INFO - Processing file /opt/airflow/dags/first_dag.py for tasks to queue
[2023-04-12T05:49:52.435+0000] {logging_mixin.py:137} INFO - [2023-04-12T05:49:52.435+0000] {dagbag.py:532} INFO - Filling up the DagBag from /opt/airflow/dags/first_dag.py
[2023-04-12T05:49:52.447+0000] {logging_mixin.py:137} INFO - [2023-04-12T05:49:52.447+0000] {dagbag.py:341} ERROR - Failed to import: /opt/airflow/dags/first_dag.py
Traceback (most recent call last):
  File "/home/airflow/.local/lib/python3.7/site-packages/airflow/models/dagbag.py", line 337, in parse
    loader.exec_module(new_module)
  File "<frozen importlib._bootstrap_external>", line 724, in exec_module
  File "<frozen importlib._bootstrap_external>", line 860, in get_code
  File "<frozen importlib._bootstrap_external>", line 791, in source_to_code
  File "<frozen importlib._bootstrap>", line 219, in _call_with_frames_removed
  File "/opt/airflow/dags/first_dag.py", line 21
    bash_command='date > D:\UIT\AirflowProject\project\data\date.txt',
                ^
SyntaxError: (unicode error) 'unicodeescape' codec can't decode bytes in position 9-10: truncated \UXXXXXXXX escape
[2023-04-12T05:49:52.448+0000] {processor.py:755} WARNING - No viable dags retrieved from /opt/airflow/dags/first_dag.py
[2023-04-12T05:49:52.468+0000] {processor.py:175} INFO - Processing /opt/airflow/dags/first_dag.py took 0.038 seconds
[2023-04-12T05:50:16.647+0000] {processor.py:153} INFO - Started process (PID=458) to work on /opt/airflow/dags/first_dag.py
[2023-04-12T05:50:16.648+0000] {processor.py:743} INFO - Processing file /opt/airflow/dags/first_dag.py for tasks to queue
[2023-04-12T05:50:16.649+0000] {logging_mixin.py:137} INFO - [2023-04-12T05:50:16.649+0000] {dagbag.py:532} INFO - Filling up the DagBag from /opt/airflow/dags/first_dag.py
[2023-04-12T05:50:16.664+0000] {logging_mixin.py:137} INFO - [2023-04-12T05:50:16.663+0000] {dagbag.py:341} ERROR - Failed to import: /opt/airflow/dags/first_dag.py
Traceback (most recent call last):
  File "/home/airflow/.local/lib/python3.7/site-packages/airflow/models/dagbag.py", line 337, in parse
    loader.exec_module(new_module)
  File "<frozen importlib._bootstrap_external>", line 724, in exec_module
  File "<frozen importlib._bootstrap_external>", line 860, in get_code
  File "<frozen importlib._bootstrap_external>", line 791, in source_to_code
  File "<frozen importlib._bootstrap>", line 219, in _call_with_frames_removed
  File "/opt/airflow/dags/first_dag.py", line 21
    bash_command='date > D:\UIT\AirflowProject\project\data\date.txt',
                ^
SyntaxError: (unicode error) 'unicodeescape' codec can't decode bytes in position 9-10: truncated \UXXXXXXXX escape
[2023-04-12T05:50:16.665+0000] {processor.py:755} WARNING - No viable dags retrieved from /opt/airflow/dags/first_dag.py
[2023-04-12T05:50:16.686+0000] {processor.py:175} INFO - Processing /opt/airflow/dags/first_dag.py took 0.048 seconds
[2023-04-12T05:50:46.897+0000] {processor.py:153} INFO - Started process (PID=470) to work on /opt/airflow/dags/first_dag.py
[2023-04-12T05:50:46.898+0000] {processor.py:743} INFO - Processing file /opt/airflow/dags/first_dag.py for tasks to queue
[2023-04-12T05:50:46.899+0000] {logging_mixin.py:137} INFO - [2023-04-12T05:50:46.899+0000] {dagbag.py:532} INFO - Filling up the DagBag from /opt/airflow/dags/first_dag.py
[2023-04-12T05:50:46.912+0000] {logging_mixin.py:137} INFO - [2023-04-12T05:50:46.912+0000] {dagbag.py:341} ERROR - Failed to import: /opt/airflow/dags/first_dag.py
Traceback (most recent call last):
  File "/home/airflow/.local/lib/python3.7/site-packages/airflow/models/dagbag.py", line 337, in parse
    loader.exec_module(new_module)
  File "<frozen importlib._bootstrap_external>", line 724, in exec_module
  File "<frozen importlib._bootstrap_external>", line 860, in get_code
  File "<frozen importlib._bootstrap_external>", line 791, in source_to_code
  File "<frozen importlib._bootstrap>", line 219, in _call_with_frames_removed
  File "/opt/airflow/dags/first_dag.py", line 21
    bash_command='date > D:\UIT\AirflowProject\project\data\date.txt',
                ^
SyntaxError: (unicode error) 'unicodeescape' codec can't decode bytes in position 9-10: truncated \UXXXXXXXX escape
[2023-04-12T05:50:46.913+0000] {processor.py:755} WARNING - No viable dags retrieved from /opt/airflow/dags/first_dag.py
[2023-04-12T05:50:46.935+0000] {processor.py:175} INFO - Processing /opt/airflow/dags/first_dag.py took 0.042 seconds
[2023-04-12T05:51:17.147+0000] {processor.py:153} INFO - Started process (PID=482) to work on /opt/airflow/dags/first_dag.py
[2023-04-12T05:51:17.148+0000] {processor.py:743} INFO - Processing file /opt/airflow/dags/first_dag.py for tasks to queue
[2023-04-12T05:51:17.149+0000] {logging_mixin.py:137} INFO - [2023-04-12T05:51:17.149+0000] {dagbag.py:532} INFO - Filling up the DagBag from /opt/airflow/dags/first_dag.py
[2023-04-12T05:51:17.163+0000] {logging_mixin.py:137} INFO - [2023-04-12T05:51:17.162+0000] {dagbag.py:341} ERROR - Failed to import: /opt/airflow/dags/first_dag.py
Traceback (most recent call last):
  File "/home/airflow/.local/lib/python3.7/site-packages/airflow/models/dagbag.py", line 337, in parse
    loader.exec_module(new_module)
  File "<frozen importlib._bootstrap_external>", line 724, in exec_module
  File "<frozen importlib._bootstrap_external>", line 860, in get_code
  File "<frozen importlib._bootstrap_external>", line 791, in source_to_code
  File "<frozen importlib._bootstrap>", line 219, in _call_with_frames_removed
  File "/opt/airflow/dags/first_dag.py", line 21
    bash_command='date > D:\UIT\AirflowProject\project\data\date.txt',
                ^
SyntaxError: (unicode error) 'unicodeescape' codec can't decode bytes in position 9-10: truncated \UXXXXXXXX escape
[2023-04-12T05:51:17.163+0000] {processor.py:755} WARNING - No viable dags retrieved from /opt/airflow/dags/first_dag.py
[2023-04-12T05:51:17.182+0000] {processor.py:175} INFO - Processing /opt/airflow/dags/first_dag.py took 0.038 seconds
[2023-04-12T05:51:34.273+0000] {processor.py:153} INFO - Started process (PID=495) to work on /opt/airflow/dags/first_dag.py
[2023-04-12T05:51:34.274+0000] {processor.py:743} INFO - Processing file /opt/airflow/dags/first_dag.py for tasks to queue
[2023-04-12T05:51:34.275+0000] {logging_mixin.py:137} INFO - [2023-04-12T05:51:34.275+0000] {dagbag.py:532} INFO - Filling up the DagBag from /opt/airflow/dags/first_dag.py
[2023-04-12T05:51:34.305+0000] {processor.py:753} INFO - DAG(s) dict_keys(['first_dag']) retrieved from /opt/airflow/dags/first_dag.py
[2023-04-12T05:51:34.405+0000] {logging_mixin.py:137} INFO - [2023-04-12T05:51:34.405+0000] {dag.py:2705} INFO - Sync 1 DAGs
[2023-04-12T05:51:34.452+0000] {logging_mixin.py:137} INFO - [2023-04-12T05:51:34.452+0000] {dag.py:3456} INFO - Setting next_dagrun for first_dag to None, run_after=None
[2023-04-12T05:51:34.506+0000] {processor.py:175} INFO - Processing /opt/airflow/dags/first_dag.py took 0.235 seconds
[2023-04-12T05:52:04.561+0000] {processor.py:153} INFO - Started process (PID=507) to work on /opt/airflow/dags/first_dag.py
[2023-04-12T05:52:04.562+0000] {processor.py:743} INFO - Processing file /opt/airflow/dags/first_dag.py for tasks to queue
[2023-04-12T05:52:04.563+0000] {logging_mixin.py:137} INFO - [2023-04-12T05:52:04.563+0000] {dagbag.py:532} INFO - Filling up the DagBag from /opt/airflow/dags/first_dag.py
[2023-04-12T05:52:04.585+0000] {processor.py:753} INFO - DAG(s) dict_keys(['first_dag']) retrieved from /opt/airflow/dags/first_dag.py
[2023-04-12T05:52:04.609+0000] {logging_mixin.py:137} INFO - [2023-04-12T05:52:04.609+0000] {dag.py:2705} INFO - Sync 1 DAGs
[2023-04-12T05:52:04.635+0000] {logging_mixin.py:137} INFO - [2023-04-12T05:52:04.634+0000] {dag.py:3456} INFO - Setting next_dagrun for first_dag to None, run_after=None
[2023-04-12T05:52:04.657+0000] {processor.py:175} INFO - Processing /opt/airflow/dags/first_dag.py took 0.099 seconds
[2023-04-12T05:52:34.816+0000] {processor.py:153} INFO - Started process (PID=523) to work on /opt/airflow/dags/first_dag.py
[2023-04-12T05:52:34.817+0000] {processor.py:743} INFO - Processing file /opt/airflow/dags/first_dag.py for tasks to queue
[2023-04-12T05:52:34.818+0000] {logging_mixin.py:137} INFO - [2023-04-12T05:52:34.818+0000] {dagbag.py:532} INFO - Filling up the DagBag from /opt/airflow/dags/first_dag.py
[2023-04-12T05:52:34.842+0000] {processor.py:753} INFO - DAG(s) dict_keys(['first_dag']) retrieved from /opt/airflow/dags/first_dag.py
[2023-04-12T05:52:34.868+0000] {logging_mixin.py:137} INFO - [2023-04-12T05:52:34.868+0000] {dag.py:2705} INFO - Sync 1 DAGs
[2023-04-12T05:52:34.894+0000] {logging_mixin.py:137} INFO - [2023-04-12T05:52:34.894+0000] {dag.py:3456} INFO - Setting next_dagrun for first_dag to None, run_after=None
[2023-04-12T05:52:34.918+0000] {processor.py:175} INFO - Processing /opt/airflow/dags/first_dag.py took 0.105 seconds
[2023-04-12T05:53:05.055+0000] {processor.py:153} INFO - Started process (PID=535) to work on /opt/airflow/dags/first_dag.py
[2023-04-12T05:53:05.056+0000] {processor.py:743} INFO - Processing file /opt/airflow/dags/first_dag.py for tasks to queue
[2023-04-12T05:53:05.057+0000] {logging_mixin.py:137} INFO - [2023-04-12T05:53:05.057+0000] {dagbag.py:532} INFO - Filling up the DagBag from /opt/airflow/dags/first_dag.py
[2023-04-12T05:53:05.082+0000] {processor.py:753} INFO - DAG(s) dict_keys(['first_dag']) retrieved from /opt/airflow/dags/first_dag.py
[2023-04-12T05:53:05.108+0000] {logging_mixin.py:137} INFO - [2023-04-12T05:53:05.108+0000] {dag.py:2705} INFO - Sync 1 DAGs
[2023-04-12T05:53:05.137+0000] {logging_mixin.py:137} INFO - [2023-04-12T05:53:05.137+0000] {dag.py:3456} INFO - Setting next_dagrun for first_dag to None, run_after=None
[2023-04-12T05:53:05.160+0000] {processor.py:175} INFO - Processing /opt/airflow/dags/first_dag.py took 0.108 seconds
[2023-04-12T05:53:35.334+0000] {processor.py:153} INFO - Started process (PID=547) to work on /opt/airflow/dags/first_dag.py
[2023-04-12T05:53:35.335+0000] {processor.py:743} INFO - Processing file /opt/airflow/dags/first_dag.py for tasks to queue
[2023-04-12T05:53:35.336+0000] {logging_mixin.py:137} INFO - [2023-04-12T05:53:35.335+0000] {dagbag.py:532} INFO - Filling up the DagBag from /opt/airflow/dags/first_dag.py
[2023-04-12T05:53:35.358+0000] {processor.py:753} INFO - DAG(s) dict_keys(['first_dag']) retrieved from /opt/airflow/dags/first_dag.py
[2023-04-12T05:53:35.381+0000] {logging_mixin.py:137} INFO - [2023-04-12T05:53:35.381+0000] {dag.py:2705} INFO - Sync 1 DAGs
[2023-04-12T05:53:35.406+0000] {logging_mixin.py:137} INFO - [2023-04-12T05:53:35.406+0000] {dag.py:3456} INFO - Setting next_dagrun for first_dag to None, run_after=None
[2023-04-12T05:53:35.429+0000] {processor.py:175} INFO - Processing /opt/airflow/dags/first_dag.py took 0.098 seconds
[2023-04-12T05:54:05.635+0000] {processor.py:153} INFO - Started process (PID=559) to work on /opt/airflow/dags/first_dag.py
[2023-04-12T05:54:05.635+0000] {processor.py:743} INFO - Processing file /opt/airflow/dags/first_dag.py for tasks to queue
[2023-04-12T05:54:05.637+0000] {logging_mixin.py:137} INFO - [2023-04-12T05:54:05.636+0000] {dagbag.py:532} INFO - Filling up the DagBag from /opt/airflow/dags/first_dag.py
[2023-04-12T05:54:05.661+0000] {processor.py:753} INFO - DAG(s) dict_keys(['first_dag']) retrieved from /opt/airflow/dags/first_dag.py
[2023-04-12T05:54:05.686+0000] {logging_mixin.py:137} INFO - [2023-04-12T05:54:05.686+0000] {dag.py:2705} INFO - Sync 1 DAGs
[2023-04-12T05:54:05.716+0000] {logging_mixin.py:137} INFO - [2023-04-12T05:54:05.716+0000] {dag.py:3456} INFO - Setting next_dagrun for first_dag to None, run_after=None
[2023-04-12T05:54:05.740+0000] {processor.py:175} INFO - Processing /opt/airflow/dags/first_dag.py took 0.110 seconds
[2023-04-12T05:54:35.985+0000] {processor.py:153} INFO - Started process (PID=571) to work on /opt/airflow/dags/first_dag.py
[2023-04-12T05:54:35.986+0000] {processor.py:743} INFO - Processing file /opt/airflow/dags/first_dag.py for tasks to queue
[2023-04-12T05:54:35.986+0000] {logging_mixin.py:137} INFO - [2023-04-12T05:54:35.986+0000] {dagbag.py:532} INFO - Filling up the DagBag from /opt/airflow/dags/first_dag.py
[2023-04-12T05:54:36.007+0000] {processor.py:753} INFO - DAG(s) dict_keys(['first_dag']) retrieved from /opt/airflow/dags/first_dag.py
[2023-04-12T05:54:36.031+0000] {logging_mixin.py:137} INFO - [2023-04-12T05:54:36.030+0000] {dag.py:2705} INFO - Sync 1 DAGs
[2023-04-12T05:54:36.058+0000] {logging_mixin.py:137} INFO - [2023-04-12T05:54:36.057+0000] {dag.py:3456} INFO - Setting next_dagrun for first_dag to None, run_after=None
[2023-04-12T05:54:36.078+0000] {processor.py:175} INFO - Processing /opt/airflow/dags/first_dag.py took 0.097 seconds
[2023-04-12T05:55:06.239+0000] {processor.py:153} INFO - Started process (PID=583) to work on /opt/airflow/dags/first_dag.py
[2023-04-12T05:55:06.240+0000] {processor.py:743} INFO - Processing file /opt/airflow/dags/first_dag.py for tasks to queue
[2023-04-12T05:55:06.241+0000] {logging_mixin.py:137} INFO - [2023-04-12T05:55:06.241+0000] {dagbag.py:532} INFO - Filling up the DagBag from /opt/airflow/dags/first_dag.py
[2023-04-12T05:55:06.263+0000] {processor.py:753} INFO - DAG(s) dict_keys(['first_dag']) retrieved from /opt/airflow/dags/first_dag.py
[2023-04-12T05:55:06.286+0000] {logging_mixin.py:137} INFO - [2023-04-12T05:55:06.285+0000] {dag.py:2705} INFO - Sync 1 DAGs
[2023-04-12T05:55:06.314+0000] {logging_mixin.py:137} INFO - [2023-04-12T05:55:06.314+0000] {dag.py:3456} INFO - Setting next_dagrun for first_dag to None, run_after=None
[2023-04-12T05:55:06.341+0000] {processor.py:175} INFO - Processing /opt/airflow/dags/first_dag.py took 0.105 seconds
[2023-04-12T05:55:36.517+0000] {processor.py:153} INFO - Started process (PID=595) to work on /opt/airflow/dags/first_dag.py
[2023-04-12T05:55:36.518+0000] {processor.py:743} INFO - Processing file /opt/airflow/dags/first_dag.py for tasks to queue
[2023-04-12T05:55:36.519+0000] {logging_mixin.py:137} INFO - [2023-04-12T05:55:36.519+0000] {dagbag.py:532} INFO - Filling up the DagBag from /opt/airflow/dags/first_dag.py
[2023-04-12T05:55:36.541+0000] {processor.py:753} INFO - DAG(s) dict_keys(['first_dag']) retrieved from /opt/airflow/dags/first_dag.py
[2023-04-12T05:55:36.568+0000] {logging_mixin.py:137} INFO - [2023-04-12T05:55:36.568+0000] {dag.py:2705} INFO - Sync 1 DAGs
[2023-04-12T05:55:36.596+0000] {logging_mixin.py:137} INFO - [2023-04-12T05:55:36.595+0000] {dag.py:3456} INFO - Setting next_dagrun for first_dag to None, run_after=None
[2023-04-12T05:55:36.621+0000] {processor.py:175} INFO - Processing /opt/airflow/dags/first_dag.py took 0.106 seconds
[2023-04-12T05:55:46.603+0000] {processor.py:153} INFO - Started process (PID=600) to work on /opt/airflow/dags/first_dag.py
[2023-04-12T05:55:46.604+0000] {processor.py:743} INFO - Processing file /opt/airflow/dags/first_dag.py for tasks to queue
[2023-04-12T05:55:46.605+0000] {logging_mixin.py:137} INFO - [2023-04-12T05:55:46.605+0000] {dagbag.py:532} INFO - Filling up the DagBag from /opt/airflow/dags/first_dag.py
[2023-04-12T05:55:46.645+0000] {processor.py:753} INFO - DAG(s) dict_keys(['first_dag']) retrieved from /opt/airflow/dags/first_dag.py
[2023-04-12T05:55:46.716+0000] {logging_mixin.py:137} INFO - [2023-04-12T05:55:46.716+0000] {dag.py:2705} INFO - Sync 1 DAGs
[2023-04-12T05:55:46.743+0000] {logging_mixin.py:137} INFO - [2023-04-12T05:55:46.743+0000] {dag.py:3456} INFO - Setting next_dagrun for first_dag to None, run_after=None
[2023-04-12T05:55:46.770+0000] {processor.py:175} INFO - Processing /opt/airflow/dags/first_dag.py took 0.172 seconds
[2023-04-12T05:56:02.814+0000] {processor.py:153} INFO - Started process (PID=605) to work on /opt/airflow/dags/first_dag.py
[2023-04-12T05:56:02.815+0000] {processor.py:743} INFO - Processing file /opt/airflow/dags/first_dag.py for tasks to queue
[2023-04-12T05:56:02.816+0000] {logging_mixin.py:137} INFO - [2023-04-12T05:56:02.816+0000] {dagbag.py:532} INFO - Filling up the DagBag from /opt/airflow/dags/first_dag.py
[2023-04-12T05:56:02.847+0000] {processor.py:753} INFO - DAG(s) dict_keys(['first_dag']) retrieved from /opt/airflow/dags/first_dag.py
[2023-04-12T05:56:02.862+0000] {logging_mixin.py:137} INFO - [2023-04-12T05:56:02.862+0000] {dag.py:2705} INFO - Sync 1 DAGs
[2023-04-12T05:56:02.894+0000] {logging_mixin.py:137} INFO - [2023-04-12T05:56:02.894+0000] {dag.py:3456} INFO - Setting next_dagrun for first_dag to None, run_after=None
[2023-04-12T05:56:02.925+0000] {processor.py:175} INFO - Processing /opt/airflow/dags/first_dag.py took 0.114 seconds
[2023-04-12T05:56:33.121+0000] {processor.py:153} INFO - Started process (PID=626) to work on /opt/airflow/dags/first_dag.py
[2023-04-12T05:56:33.122+0000] {processor.py:743} INFO - Processing file /opt/airflow/dags/first_dag.py for tasks to queue
[2023-04-12T05:56:33.123+0000] {logging_mixin.py:137} INFO - [2023-04-12T05:56:33.123+0000] {dagbag.py:532} INFO - Filling up the DagBag from /opt/airflow/dags/first_dag.py
[2023-04-12T05:56:33.145+0000] {processor.py:753} INFO - DAG(s) dict_keys(['first_dag']) retrieved from /opt/airflow/dags/first_dag.py
[2023-04-12T05:56:33.207+0000] {logging_mixin.py:137} INFO - [2023-04-12T05:56:33.207+0000] {dag.py:2705} INFO - Sync 1 DAGs
[2023-04-12T05:56:33.230+0000] {logging_mixin.py:137} INFO - [2023-04-12T05:56:33.230+0000] {dag.py:3456} INFO - Setting next_dagrun for first_dag to None, run_after=None
[2023-04-12T05:56:33.255+0000] {processor.py:175} INFO - Processing /opt/airflow/dags/first_dag.py took 0.137 seconds
[2023-04-12T05:56:44.215+0000] {processor.py:153} INFO - Started process (PID=638) to work on /opt/airflow/dags/first_dag.py
[2023-04-12T05:56:44.216+0000] {processor.py:743} INFO - Processing file /opt/airflow/dags/first_dag.py for tasks to queue
[2023-04-12T05:56:44.217+0000] {logging_mixin.py:137} INFO - [2023-04-12T05:56:44.217+0000] {dagbag.py:532} INFO - Filling up the DagBag from /opt/airflow/dags/first_dag.py
[2023-04-12T05:56:44.249+0000] {processor.py:753} INFO - DAG(s) dict_keys(['first_dag']) retrieved from /opt/airflow/dags/first_dag.py
[2023-04-12T05:56:44.262+0000] {logging_mixin.py:137} INFO - [2023-04-12T05:56:44.261+0000] {dag.py:2705} INFO - Sync 1 DAGs
[2023-04-12T05:56:44.288+0000] {logging_mixin.py:137} INFO - [2023-04-12T05:56:44.287+0000] {dag.py:3456} INFO - Setting next_dagrun for first_dag to None, run_after=None
[2023-04-12T05:56:44.314+0000] {processor.py:175} INFO - Processing /opt/airflow/dags/first_dag.py took 0.102 seconds
[2023-04-12T05:57:14.477+0000] {processor.py:153} INFO - Started process (PID=650) to work on /opt/airflow/dags/first_dag.py
[2023-04-12T05:57:14.478+0000] {processor.py:743} INFO - Processing file /opt/airflow/dags/first_dag.py for tasks to queue
[2023-04-12T05:57:14.479+0000] {logging_mixin.py:137} INFO - [2023-04-12T05:57:14.479+0000] {dagbag.py:532} INFO - Filling up the DagBag from /opt/airflow/dags/first_dag.py
[2023-04-12T05:57:14.502+0000] {processor.py:753} INFO - DAG(s) dict_keys(['first_dag']) retrieved from /opt/airflow/dags/first_dag.py
[2023-04-12T05:57:14.566+0000] {logging_mixin.py:137} INFO - [2023-04-12T05:57:14.566+0000] {dag.py:2705} INFO - Sync 1 DAGs
[2023-04-12T05:57:14.591+0000] {logging_mixin.py:137} INFO - [2023-04-12T05:57:14.591+0000] {dag.py:3456} INFO - Setting next_dagrun for first_dag to None, run_after=None
[2023-04-12T05:57:14.622+0000] {processor.py:175} INFO - Processing /opt/airflow/dags/first_dag.py took 0.147 seconds
[2023-04-12T05:57:44.827+0000] {processor.py:153} INFO - Started process (PID=662) to work on /opt/airflow/dags/first_dag.py
[2023-04-12T05:57:44.828+0000] {processor.py:743} INFO - Processing file /opt/airflow/dags/first_dag.py for tasks to queue
[2023-04-12T05:57:44.829+0000] {logging_mixin.py:137} INFO - [2023-04-12T05:57:44.829+0000] {dagbag.py:532} INFO - Filling up the DagBag from /opt/airflow/dags/first_dag.py
[2023-04-12T05:57:44.850+0000] {processor.py:753} INFO - DAG(s) dict_keys(['first_dag']) retrieved from /opt/airflow/dags/first_dag.py
[2023-04-12T05:57:44.874+0000] {logging_mixin.py:137} INFO - [2023-04-12T05:57:44.874+0000] {dag.py:2705} INFO - Sync 1 DAGs
[2023-04-12T05:57:44.899+0000] {logging_mixin.py:137} INFO - [2023-04-12T05:57:44.899+0000] {dag.py:3456} INFO - Setting next_dagrun for first_dag to None, run_after=None
[2023-04-12T05:57:44.923+0000] {processor.py:175} INFO - Processing /opt/airflow/dags/first_dag.py took 0.100 seconds
[2023-04-12T05:58:15.078+0000] {processor.py:153} INFO - Started process (PID=674) to work on /opt/airflow/dags/first_dag.py
[2023-04-12T05:58:15.079+0000] {processor.py:743} INFO - Processing file /opt/airflow/dags/first_dag.py for tasks to queue
[2023-04-12T05:58:15.080+0000] {logging_mixin.py:137} INFO - [2023-04-12T05:58:15.079+0000] {dagbag.py:532} INFO - Filling up the DagBag from /opt/airflow/dags/first_dag.py
[2023-04-12T05:58:15.101+0000] {processor.py:753} INFO - DAG(s) dict_keys(['first_dag']) retrieved from /opt/airflow/dags/first_dag.py
[2023-04-12T05:58:15.125+0000] {logging_mixin.py:137} INFO - [2023-04-12T05:58:15.125+0000] {dag.py:2705} INFO - Sync 1 DAGs
[2023-04-12T05:58:15.151+0000] {logging_mixin.py:137} INFO - [2023-04-12T05:58:15.151+0000] {dag.py:3456} INFO - Setting next_dagrun for first_dag to None, run_after=None
[2023-04-12T05:58:15.174+0000] {processor.py:175} INFO - Processing /opt/airflow/dags/first_dag.py took 0.099 seconds
