[2023-04-13T14:58:38.707+0000] {taskinstance.py:1090} INFO - Dependencies all met for dep_context=non-requeueable deps ti=<TaskInstance: first_dag.process_greeting manual__2023-04-13T14:58:36.222025+00:00 [queued]>
[2023-04-13T14:58:38.831+0000] {taskinstance.py:1090} INFO - Dependencies all met for dep_context=requeueable deps ti=<TaskInstance: first_dag.process_greeting manual__2023-04-13T14:58:36.222025+00:00 [queued]>
[2023-04-13T14:58:38.831+0000] {taskinstance.py:1288} INFO - 
--------------------------------------------------------------------------------
[2023-04-13T14:58:38.832+0000] {taskinstance.py:1289} INFO - Starting attempt 1 of 1
[2023-04-13T14:58:38.832+0000] {taskinstance.py:1290} INFO - 
--------------------------------------------------------------------------------
[2023-04-13T14:58:38.851+0000] {taskinstance.py:1309} INFO - Executing <Task(PythonOperator): process_greeting> on 2023-04-13 14:58:36.222025+00:00
[2023-04-13T14:58:38.856+0000] {standard_task_runner.py:55} INFO - Started process 1351 to run task
[2023-04-13T14:58:38.858+0000] {standard_task_runner.py:82} INFO - Running: ['***', 'tasks', 'run', 'first_dag', 'process_greeting', 'manual__2023-04-13T14:58:36.222025+00:00', '--job-id', '57', '--raw', '--subdir', 'DAGS_FOLDER/first_dag.py', '--cfg-path', '/tmp/tmpald2h7t_']
[2023-04-13T14:58:38.861+0000] {standard_task_runner.py:83} INFO - Job 57: Subtask process_greeting
[2023-04-13T14:58:38.926+0000] {task_command.py:389} INFO - Running <TaskInstance: first_dag.process_greeting manual__2023-04-13T14:58:36.222025+00:00 [running]> on host 6a1c33c9be4a
[2023-04-13T14:58:39.006+0000] {taskinstance.py:1518} INFO - Exporting the following env vars:
AIRFLOW_CTX_DAG_OWNER=***
AIRFLOW_CTX_DAG_ID=first_dag
AIRFLOW_CTX_TASK_ID=process_greeting
AIRFLOW_CTX_EXECUTION_DATE=2023-04-13T14:58:36.222025+00:00
AIRFLOW_CTX_TRY_NUMBER=1
AIRFLOW_CTX_DAG_RUN_ID=manual__2023-04-13T14:58:36.222025+00:00
[2023-04-13T14:58:39.021+0000] {logging_mixin.py:137} INFO - Hello World
[2023-04-13T14:58:39.022+0000] {logging_mixin.py:137} INFO - 2023-04-13 14:58:39.022030
[2023-04-13T14:58:39.023+0000] {python.py:177} INFO - Done. Returned value was: Hello World2023-04-13 14:58:39.023726
[2023-04-13T14:58:39.044+0000] {taskinstance.py:1332} INFO - Marking task as SUCCESS. dag_id=first_dag, task_id=process_greeting, execution_date=20230413T145836, start_date=20230413T145838, end_date=20230413T145839
[2023-04-13T14:58:39.111+0000] {local_task_job.py:212} INFO - Task exited with return code 0
[2023-04-13T14:58:39.131+0000] {taskinstance.py:2596} INFO - 1 downstream tasks scheduled from follow-on schedule check
