[2023-04-13T14:58:38.711+0000] {taskinstance.py:1090} INFO - Dependencies all met for dep_context=non-requeueable deps ti=<TaskInstance: first_dag.process_greeting scheduled__2023-04-13T14:57:00+00:00 [queued]>
[2023-04-13T14:58:38.830+0000] {taskinstance.py:1090} INFO - Dependencies all met for dep_context=requeueable deps ti=<TaskInstance: first_dag.process_greeting scheduled__2023-04-13T14:57:00+00:00 [queued]>
[2023-04-13T14:58:38.830+0000] {taskinstance.py:1288} INFO - 
--------------------------------------------------------------------------------
[2023-04-13T14:58:38.831+0000] {taskinstance.py:1289} INFO - Starting attempt 1 of 1
[2023-04-13T14:58:38.831+0000] {taskinstance.py:1290} INFO - 
--------------------------------------------------------------------------------
[2023-04-13T14:58:38.850+0000] {taskinstance.py:1309} INFO - Executing <Task(PythonOperator): process_greeting> on 2023-04-13 14:57:00+00:00
[2023-04-13T14:58:38.854+0000] {standard_task_runner.py:55} INFO - Started process 1350 to run task
[2023-04-13T14:58:38.857+0000] {standard_task_runner.py:82} INFO - Running: ['***', 'tasks', 'run', 'first_dag', 'process_greeting', 'scheduled__2023-04-13T14:57:00+00:00', '--job-id', '58', '--raw', '--subdir', 'DAGS_FOLDER/first_dag.py', '--cfg-path', '/tmp/tmp97pxug0g']
[2023-04-13T14:58:38.859+0000] {standard_task_runner.py:83} INFO - Job 58: Subtask process_greeting
[2023-04-13T14:58:38.927+0000] {task_command.py:389} INFO - Running <TaskInstance: first_dag.process_greeting scheduled__2023-04-13T14:57:00+00:00 [running]> on host 6a1c33c9be4a
[2023-04-13T14:58:39.007+0000] {taskinstance.py:1518} INFO - Exporting the following env vars:
AIRFLOW_CTX_DAG_OWNER=***
AIRFLOW_CTX_DAG_ID=first_dag
AIRFLOW_CTX_TASK_ID=process_greeting
AIRFLOW_CTX_EXECUTION_DATE=2023-04-13T14:57:00+00:00
AIRFLOW_CTX_TRY_NUMBER=1
AIRFLOW_CTX_DAG_RUN_ID=scheduled__2023-04-13T14:57:00+00:00
[2023-04-13T14:58:39.021+0000] {logging_mixin.py:137} INFO - Hello World
[2023-04-13T14:58:39.021+0000] {logging_mixin.py:137} INFO - 2023-04-13 14:58:39.021635
[2023-04-13T14:58:39.023+0000] {python.py:177} INFO - Done. Returned value was: Hello World2023-04-13 14:58:39.023207
[2023-04-13T14:58:39.043+0000] {taskinstance.py:1332} INFO - Marking task as SUCCESS. dag_id=first_dag, task_id=process_greeting, execution_date=20230413T145700, start_date=20230413T145838, end_date=20230413T145839
[2023-04-13T14:58:39.109+0000] {local_task_job.py:212} INFO - Task exited with return code 0
[2023-04-13T14:58:39.131+0000] {taskinstance.py:2596} INFO - 1 downstream tasks scheduled from follow-on schedule check
