[2023-04-13T14:35:12.052+0000] {taskinstance.py:1090} INFO - Dependencies all met for dep_context=non-requeueable deps ti=<TaskInstance: first_dag.get_datetime scheduled__2023-04-13T14:34:00+00:00 [queued]>
[2023-04-13T14:35:12.190+0000] {taskinstance.py:1090} INFO - Dependencies all met for dep_context=requeueable deps ti=<TaskInstance: first_dag.get_datetime scheduled__2023-04-13T14:34:00+00:00 [queued]>
[2023-04-13T14:35:12.190+0000] {taskinstance.py:1288} INFO - 
--------------------------------------------------------------------------------
[2023-04-13T14:35:12.191+0000] {taskinstance.py:1289} INFO - Starting attempt 1 of 1
[2023-04-13T14:35:12.191+0000] {taskinstance.py:1290} INFO - 
--------------------------------------------------------------------------------
[2023-04-13T14:35:12.207+0000] {taskinstance.py:1309} INFO - Executing <Task(BashOperator): get_datetime> on 2023-04-13 14:34:00+00:00
[2023-04-13T14:35:12.211+0000] {standard_task_runner.py:55} INFO - Started process 680 to run task
[2023-04-13T14:35:12.214+0000] {standard_task_runner.py:82} INFO - Running: ['***', 'tasks', 'run', 'first_dag', 'get_datetime', 'scheduled__2023-04-13T14:34:00+00:00', '--job-id', '47', '--raw', '--subdir', 'DAGS_FOLDER/first_dag.py', '--cfg-path', '/tmp/tmpsaz_jkm8']
[2023-04-13T14:35:12.216+0000] {standard_task_runner.py:83} INFO - Job 47: Subtask get_datetime
[2023-04-13T14:35:12.287+0000] {task_command.py:389} INFO - Running <TaskInstance: first_dag.get_datetime scheduled__2023-04-13T14:34:00+00:00 [running]> on host 6a1c33c9be4a
[2023-04-13T14:35:12.367+0000] {taskinstance.py:1518} INFO - Exporting the following env vars:
AIRFLOW_CTX_DAG_OWNER=***
AIRFLOW_CTX_DAG_ID=first_dag
AIRFLOW_CTX_TASK_ID=get_datetime
AIRFLOW_CTX_EXECUTION_DATE=2023-04-13T14:34:00+00:00
AIRFLOW_CTX_TRY_NUMBER=1
AIRFLOW_CTX_DAG_RUN_ID=scheduled__2023-04-13T14:34:00+00:00
[2023-04-13T14:35:12.369+0000] {subprocess.py:63} INFO - Tmp dir root location: 
 /tmp
[2023-04-13T14:35:12.370+0000] {subprocess.py:75} INFO - Running command: ['/bin/bash', '-c', "echo '%date%-%time%'"]
[2023-04-13T14:35:12.378+0000] {subprocess.py:86} INFO - Output:
[2023-04-13T14:35:12.379+0000] {subprocess.py:93} INFO - %date%-%time%
[2023-04-13T14:35:12.380+0000] {subprocess.py:97} INFO - Command exited with return code 0
[2023-04-13T14:35:12.404+0000] {taskinstance.py:1332} INFO - Marking task as SUCCESS. dag_id=first_dag, task_id=get_datetime, execution_date=20230413T143400, start_date=20230413T143512, end_date=20230413T143512
[2023-04-13T14:35:12.427+0000] {local_task_job.py:212} INFO - Task exited with return code 0
[2023-04-13T14:35:12.456+0000] {taskinstance.py:2596} INFO - 1 downstream tasks scheduled from follow-on schedule check
