[2023-04-13T15:14:05.746+0000] {taskinstance.py:1090} INFO - Dependencies all met for dep_context=non-requeueable deps ti=<TaskInstance: first_dag.greeting scheduled__2023-04-13T15:12:00+00:00 [queued]>
[2023-04-13T15:14:05.757+0000] {taskinstance.py:1090} INFO - Dependencies all met for dep_context=requeueable deps ti=<TaskInstance: first_dag.greeting scheduled__2023-04-13T15:12:00+00:00 [queued]>
[2023-04-13T15:14:05.757+0000] {taskinstance.py:1288} INFO - 
--------------------------------------------------------------------------------
[2023-04-13T15:14:05.758+0000] {taskinstance.py:1289} INFO - Starting attempt 1 of 1
[2023-04-13T15:14:05.758+0000] {taskinstance.py:1290} INFO - 
--------------------------------------------------------------------------------
[2023-04-13T15:14:05.777+0000] {taskinstance.py:1309} INFO - Executing <Task(BashOperator): greeting> on 2023-04-13 15:12:00+00:00
[2023-04-13T15:14:05.780+0000] {standard_task_runner.py:55} INFO - Started process 1831 to run task
[2023-04-13T15:14:05.783+0000] {standard_task_runner.py:82} INFO - Running: ['***', 'tasks', 'run', 'first_dag', 'greeting', 'scheduled__2023-04-13T15:12:00+00:00', '--job-id', '89', '--raw', '--subdir', 'DAGS_FOLDER/first_dag.py', '--cfg-path', '/tmp/tmpaubn9x1g']
[2023-04-13T15:14:05.785+0000] {standard_task_runner.py:83} INFO - Job 89: Subtask greeting
[2023-04-13T15:14:05.864+0000] {task_command.py:389} INFO - Running <TaskInstance: first_dag.greeting scheduled__2023-04-13T15:12:00+00:00 [running]> on host 6a1c33c9be4a
[2023-04-13T15:14:05.947+0000] {taskinstance.py:1518} INFO - Exporting the following env vars:
AIRFLOW_CTX_DAG_OWNER=***
AIRFLOW_CTX_DAG_ID=first_dag
AIRFLOW_CTX_TASK_ID=greeting
AIRFLOW_CTX_EXECUTION_DATE=2023-04-13T15:12:00+00:00
AIRFLOW_CTX_TRY_NUMBER=1
AIRFLOW_CTX_DAG_RUN_ID=scheduled__2023-04-13T15:12:00+00:00
[2023-04-13T15:14:05.948+0000] {subprocess.py:63} INFO - Tmp dir root location: 
 /tmp
[2023-04-13T15:14:05.949+0000] {subprocess.py:75} INFO - Running command: ['/bin/bash', '-c', 'echo Hello World']
[2023-04-13T15:14:05.957+0000] {subprocess.py:86} INFO - Output:
[2023-04-13T15:14:05.958+0000] {subprocess.py:93} INFO - Hello World
[2023-04-13T15:14:05.959+0000] {subprocess.py:97} INFO - Command exited with return code 0
[2023-04-13T15:14:05.988+0000] {taskinstance.py:1332} INFO - Marking task as SUCCESS. dag_id=first_dag, task_id=greeting, execution_date=20230413T151200, start_date=20230413T151405, end_date=20230413T151405
[2023-04-13T15:14:06.036+0000] {local_task_job.py:212} INFO - Task exited with return code 0
[2023-04-13T15:14:06.065+0000] {taskinstance.py:2596} INFO - 1 downstream tasks scheduled from follow-on schedule check
