[2023-04-13T15:08:14.478+0000] {taskinstance.py:1090} INFO - Dependencies all met for dep_context=non-requeueable deps ti=<TaskInstance: first_dag.process_greeting manual__2023-04-13T15:08:12.432452+00:00 [queued]>
[2023-04-13T15:08:14.490+0000] {taskinstance.py:1090} INFO - Dependencies all met for dep_context=requeueable deps ti=<TaskInstance: first_dag.process_greeting manual__2023-04-13T15:08:12.432452+00:00 [queued]>
[2023-04-13T15:08:14.491+0000] {taskinstance.py:1288} INFO - 
--------------------------------------------------------------------------------
[2023-04-13T15:08:14.491+0000] {taskinstance.py:1289} INFO - Starting attempt 1 of 1
[2023-04-13T15:08:14.492+0000] {taskinstance.py:1290} INFO - 
--------------------------------------------------------------------------------
[2023-04-13T15:08:14.515+0000] {taskinstance.py:1309} INFO - Executing <Task(PythonOperator): process_greeting> on 2023-04-13 15:08:12.432452+00:00
[2023-04-13T15:08:14.520+0000] {standard_task_runner.py:55} INFO - Started process 1651 to run task
[2023-04-13T15:08:14.523+0000] {standard_task_runner.py:82} INFO - Running: ['***', 'tasks', 'run', 'first_dag', 'process_greeting', 'manual__2023-04-13T15:08:12.432452+00:00', '--job-id', '77', '--raw', '--subdir', 'DAGS_FOLDER/first_dag.py', '--cfg-path', '/tmp/tmpup301lc9']
[2023-04-13T15:08:14.526+0000] {standard_task_runner.py:83} INFO - Job 77: Subtask process_greeting
[2023-04-13T15:08:14.597+0000] {task_command.py:389} INFO - Running <TaskInstance: first_dag.process_greeting manual__2023-04-13T15:08:12.432452+00:00 [running]> on host 6a1c33c9be4a
[2023-04-13T15:08:14.681+0000] {taskinstance.py:1518} INFO - Exporting the following env vars:
AIRFLOW_CTX_DAG_OWNER=***
AIRFLOW_CTX_DAG_ID=first_dag
AIRFLOW_CTX_TASK_ID=process_greeting
AIRFLOW_CTX_EXECUTION_DATE=2023-04-13T15:08:12.432452+00:00
AIRFLOW_CTX_TRY_NUMBER=1
AIRFLOW_CTX_DAG_RUN_ID=manual__2023-04-13T15:08:12.432452+00:00
[2023-04-13T15:08:14.696+0000] {python.py:177} INFO - Done. Returned value was: Hello World 2023-04-13 15:08:14.696791
[2023-04-13T15:08:14.720+0000] {taskinstance.py:1332} INFO - Marking task as SUCCESS. dag_id=first_dag, task_id=process_greeting, execution_date=20230413T150812, start_date=20230413T150814, end_date=20230413T150814
[2023-04-13T15:08:14.775+0000] {local_task_job.py:212} INFO - Task exited with return code 0
[2023-04-13T15:08:14.796+0000] {taskinstance.py:2596} INFO - 1 downstream tasks scheduled from follow-on schedule check
