[2023-04-13T14:55:17.439+0000] {taskinstance.py:1090} INFO - Dependencies all met for dep_context=non-requeueable deps ti=<TaskInstance: first_dag.greeting scheduled__2023-04-13T14:54:00+00:00 [queued]>
[2023-04-13T14:55:17.594+0000] {taskinstance.py:1090} INFO - Dependencies all met for dep_context=requeueable deps ti=<TaskInstance: first_dag.greeting scheduled__2023-04-13T14:54:00+00:00 [queued]>
[2023-04-13T14:55:17.595+0000] {taskinstance.py:1288} INFO - 
--------------------------------------------------------------------------------
[2023-04-13T14:55:17.595+0000] {taskinstance.py:1289} INFO - Starting attempt 1 of 1
[2023-04-13T14:55:17.596+0000] {taskinstance.py:1290} INFO - 
--------------------------------------------------------------------------------
[2023-04-13T14:55:17.615+0000] {taskinstance.py:1309} INFO - Executing <Task(BashOperator): greeting> on 2023-04-13 14:54:00+00:00
[2023-04-13T14:55:17.623+0000] {standard_task_runner.py:55} INFO - Started process 1237 to run task
[2023-04-13T14:55:17.627+0000] {standard_task_runner.py:82} INFO - Running: ['***', 'tasks', 'run', 'first_dag', 'greeting', 'scheduled__2023-04-13T14:54:00+00:00', '--job-id', '52', '--raw', '--subdir', 'DAGS_FOLDER/first_dag.py', '--cfg-path', '/tmp/tmp57jp2lmt']
[2023-04-13T14:55:17.630+0000] {standard_task_runner.py:83} INFO - Job 52: Subtask greeting
[2023-04-13T14:55:17.701+0000] {task_command.py:389} INFO - Running <TaskInstance: first_dag.greeting scheduled__2023-04-13T14:54:00+00:00 [running]> on host 6a1c33c9be4a
[2023-04-13T14:55:17.777+0000] {taskinstance.py:1518} INFO - Exporting the following env vars:
AIRFLOW_CTX_DAG_OWNER=***
AIRFLOW_CTX_DAG_ID=first_dag
AIRFLOW_CTX_TASK_ID=greeting
AIRFLOW_CTX_EXECUTION_DATE=2023-04-13T14:54:00+00:00
AIRFLOW_CTX_TRY_NUMBER=1
AIRFLOW_CTX_DAG_RUN_ID=scheduled__2023-04-13T14:54:00+00:00
[2023-04-13T14:55:17.779+0000] {subprocess.py:63} INFO - Tmp dir root location: 
 /tmp
[2023-04-13T14:55:17.779+0000] {subprocess.py:75} INFO - Running command: ['/bin/bash', '-c', 'echo Hello World']
[2023-04-13T14:55:17.789+0000] {subprocess.py:86} INFO - Output:
[2023-04-13T14:55:17.791+0000] {subprocess.py:93} INFO - Hello World
[2023-04-13T14:55:17.791+0000] {subprocess.py:97} INFO - Command exited with return code 0
[2023-04-13T14:55:17.816+0000] {taskinstance.py:1332} INFO - Marking task as SUCCESS. dag_id=first_dag, task_id=greeting, execution_date=20230413T145400, start_date=20230413T145517, end_date=20230413T145517
[2023-04-13T14:55:17.841+0000] {local_task_job.py:212} INFO - Task exited with return code 0
[2023-04-13T14:55:17.867+0000] {taskinstance.py:2596} INFO - 1 downstream tasks scheduled from follow-on schedule check
