[2023-04-13T15:05:18.247+0000] {taskinstance.py:1090} INFO - Dependencies all met for dep_context=non-requeueable deps ti=<TaskInstance: first_dag.save_greeting manual__2023-04-13T15:05:15.576282+00:00 [queued]>
[2023-04-13T15:05:18.257+0000] {taskinstance.py:1090} INFO - Dependencies all met for dep_context=requeueable deps ti=<TaskInstance: first_dag.save_greeting manual__2023-04-13T15:05:15.576282+00:00 [queued]>
[2023-04-13T15:05:18.258+0000] {taskinstance.py:1288} INFO - 
--------------------------------------------------------------------------------
[2023-04-13T15:05:18.258+0000] {taskinstance.py:1289} INFO - Starting attempt 1 of 1
[2023-04-13T15:05:18.259+0000] {taskinstance.py:1290} INFO - 
--------------------------------------------------------------------------------
[2023-04-13T15:05:18.274+0000] {taskinstance.py:1309} INFO - Executing <Task(PythonOperator): save_greeting> on 2023-04-13 15:05:15.576282+00:00
[2023-04-13T15:05:18.278+0000] {standard_task_runner.py:55} INFO - Started process 1559 to run task
[2023-04-13T15:05:18.281+0000] {standard_task_runner.py:82} INFO - Running: ['***', 'tasks', 'run', 'first_dag', 'save_greeting', 'manual__2023-04-13T15:05:15.576282+00:00', '--job-id', '71', '--raw', '--subdir', 'DAGS_FOLDER/first_dag.py', '--cfg-path', '/tmp/tmpq3go0awv']
[2023-04-13T15:05:18.283+0000] {standard_task_runner.py:83} INFO - Job 71: Subtask save_greeting
[2023-04-13T15:05:18.349+0000] {task_command.py:389} INFO - Running <TaskInstance: first_dag.save_greeting manual__2023-04-13T15:05:15.576282+00:00 [running]> on host 6a1c33c9be4a
[2023-04-13T15:05:18.429+0000] {taskinstance.py:1518} INFO - Exporting the following env vars:
AIRFLOW_CTX_DAG_OWNER=***
AIRFLOW_CTX_DAG_ID=first_dag
AIRFLOW_CTX_TASK_ID=save_greeting
AIRFLOW_CTX_EXECUTION_DATE=2023-04-13T15:05:15.576282+00:00
AIRFLOW_CTX_TRY_NUMBER=1
AIRFLOW_CTX_DAG_RUN_ID=manual__2023-04-13T15:05:15.576282+00:00
[2023-04-13T15:05:18.442+0000] {logging_mixin.py:137} INFO - Hello World 2023-04-13 15:05:17.301664
[2023-04-13T15:05:18.448+0000] {python.py:177} INFO - Done. Returned value was: None
[2023-04-13T15:05:18.457+0000] {taskinstance.py:1332} INFO - Marking task as SUCCESS. dag_id=first_dag, task_id=save_greeting, execution_date=20230413T150515, start_date=20230413T150518, end_date=20230413T150518
[2023-04-13T15:05:18.494+0000] {local_task_job.py:212} INFO - Task exited with return code 0
[2023-04-13T15:05:18.513+0000] {taskinstance.py:2596} INFO - 0 downstream tasks scheduled from follow-on schedule check
