[2023-04-13T15:08:13.234+0000] {taskinstance.py:1090} INFO - Dependencies all met for dep_context=non-requeueable deps ti=<TaskInstance: first_dag.greeting manual__2023-04-13T15:08:12.432452+00:00 [queued]>
[2023-04-13T15:08:13.246+0000] {taskinstance.py:1090} INFO - Dependencies all met for dep_context=requeueable deps ti=<TaskInstance: first_dag.greeting manual__2023-04-13T15:08:12.432452+00:00 [queued]>
[2023-04-13T15:08:13.246+0000] {taskinstance.py:1288} INFO - 
--------------------------------------------------------------------------------
[2023-04-13T15:08:13.247+0000] {taskinstance.py:1289} INFO - Starting attempt 1 of 1
[2023-04-13T15:08:13.247+0000] {taskinstance.py:1290} INFO - 
--------------------------------------------------------------------------------
[2023-04-13T15:08:13.269+0000] {taskinstance.py:1309} INFO - Executing <Task(BashOperator): greeting> on 2023-04-13 15:08:12.432452+00:00
[2023-04-13T15:08:13.272+0000] {standard_task_runner.py:55} INFO - Started process 1641 to run task
[2023-04-13T15:08:13.275+0000] {standard_task_runner.py:82} INFO - Running: ['***', 'tasks', 'run', 'first_dag', 'greeting', 'manual__2023-04-13T15:08:12.432452+00:00', '--job-id', '73', '--raw', '--subdir', 'DAGS_FOLDER/first_dag.py', '--cfg-path', '/tmp/tmp1ls14voc']
[2023-04-13T15:08:13.278+0000] {standard_task_runner.py:83} INFO - Job 73: Subtask greeting
[2023-04-13T15:08:13.362+0000] {task_command.py:389} INFO - Running <TaskInstance: first_dag.greeting manual__2023-04-13T15:08:12.432452+00:00 [running]> on host 6a1c33c9be4a
[2023-04-13T15:08:13.444+0000] {taskinstance.py:1518} INFO - Exporting the following env vars:
AIRFLOW_CTX_DAG_OWNER=***
AIRFLOW_CTX_DAG_ID=first_dag
AIRFLOW_CTX_TASK_ID=greeting
AIRFLOW_CTX_EXECUTION_DATE=2023-04-13T15:08:12.432452+00:00
AIRFLOW_CTX_TRY_NUMBER=1
AIRFLOW_CTX_DAG_RUN_ID=manual__2023-04-13T15:08:12.432452+00:00
[2023-04-13T15:08:13.446+0000] {subprocess.py:63} INFO - Tmp dir root location: 
 /tmp
[2023-04-13T15:08:13.446+0000] {subprocess.py:75} INFO - Running command: ['/bin/bash', '-c', 'echo Hello World']
[2023-04-13T15:08:13.454+0000] {subprocess.py:86} INFO - Output:
[2023-04-13T15:08:13.455+0000] {subprocess.py:93} INFO - Hello World
[2023-04-13T15:08:13.456+0000] {subprocess.py:97} INFO - Command exited with return code 0
[2023-04-13T15:08:13.482+0000] {taskinstance.py:1332} INFO - Marking task as SUCCESS. dag_id=first_dag, task_id=greeting, execution_date=20230413T150812, start_date=20230413T150813, end_date=20230413T150813
[2023-04-13T15:08:13.528+0000] {local_task_job.py:212} INFO - Task exited with return code 0
[2023-04-13T15:08:13.564+0000] {taskinstance.py:2596} INFO - 1 downstream tasks scheduled from follow-on schedule check
