[2023-04-12T05:56:13.799+0000] {taskinstance.py:1090} INFO - Dependencies all met for dep_context=non-requeueable deps ti=<TaskInstance: first_dag.sleep manual__2023-04-12T05:56:12.069517+00:00 [queued]>
[2023-04-12T05:56:13.809+0000] {taskinstance.py:1090} INFO - Dependencies all met for dep_context=requeueable deps ti=<TaskInstance: first_dag.sleep manual__2023-04-12T05:56:12.069517+00:00 [queued]>
[2023-04-12T05:56:13.810+0000] {taskinstance.py:1288} INFO - 
--------------------------------------------------------------------------------
[2023-04-12T05:56:13.810+0000] {taskinstance.py:1289} INFO - Starting attempt 1 of 4
[2023-04-12T05:56:13.814+0000] {taskinstance.py:1290} INFO - 
--------------------------------------------------------------------------------
[2023-04-12T05:56:13.830+0000] {taskinstance.py:1309} INFO - Executing <Task(BashOperator): sleep> on 2023-04-12 05:56:12.069517+00:00
[2023-04-12T05:56:13.833+0000] {standard_task_runner.py:55} INFO - Started process 621 to run task
[2023-04-12T05:56:13.835+0000] {standard_task_runner.py:82} INFO - Running: ['***', 'tasks', 'run', 'first_dag', 'sleep', 'manual__2023-04-12T05:56:12.069517+00:00', '--job-id', '13', '--raw', '--subdir', 'DAGS_FOLDER/first_dag.py', '--cfg-path', '/tmp/tmpvflrrldv']
[2023-04-12T05:56:13.837+0000] {standard_task_runner.py:83} INFO - Job 13: Subtask sleep
[2023-04-12T05:56:13.901+0000] {task_command.py:389} INFO - Running <TaskInstance: first_dag.sleep manual__2023-04-12T05:56:12.069517+00:00 [running]> on host bb2ea0885db3
[2023-04-12T05:56:13.977+0000] {taskinstance.py:1518} INFO - Exporting the following env vars:
AIRFLOW_CTX_DAG_EMAIL=trungdq.httt@gmail.com
AIRFLOW_CTX_DAG_OWNER=***
AIRFLOW_CTX_DAG_ID=first_dag
AIRFLOW_CTX_TASK_ID=sleep
AIRFLOW_CTX_EXECUTION_DATE=2023-04-12T05:56:12.069517+00:00
AIRFLOW_CTX_TRY_NUMBER=1
AIRFLOW_CTX_DAG_RUN_ID=manual__2023-04-12T05:56:12.069517+00:00
[2023-04-12T05:56:13.978+0000] {subprocess.py:63} INFO - Tmp dir root location: 
 /tmp
[2023-04-12T05:56:13.979+0000] {subprocess.py:75} INFO - Running command: ['/bin/bash', '-c', 'sleep 5']
[2023-04-12T05:56:13.985+0000] {subprocess.py:86} INFO - Output:
[2023-04-12T05:56:18.988+0000] {subprocess.py:97} INFO - Command exited with return code 0
[2023-04-12T05:56:19.021+0000] {taskinstance.py:1332} INFO - Marking task as SUCCESS. dag_id=first_dag, task_id=sleep, execution_date=20230412T055612, start_date=20230412T055613, end_date=20230412T055619
[2023-04-12T05:56:19.040+0000] {local_task_job.py:212} INFO - Task exited with return code 0
[2023-04-12T05:56:19.060+0000] {taskinstance.py:2596} INFO - 1 downstream tasks scheduled from follow-on schedule check
